[0.008s] Invoking command in '/home/arka/aqua_sentinel/ros2_ws/build/mqtt_bridge': CMAKE_PREFIX_PATH=${CMAKE_PREFIX_PATH}:/opt/ros/humble /usr/bin/cmake --build /home/arka/aqua_sentinel/ros2_ws/build/mqtt_bridge -- -j8 -l8
[0.024s] Invoked command in '/home/arka/aqua_sentinel/ros2_ws/build/mqtt_bridge' returned '0': CMAKE_PREFIX_PATH=${CMAKE_PREFIX_PATH}:/opt/ros/humble /usr/bin/cmake --build /home/arka/aqua_sentinel/ros2_ws/build/mqtt_bridge -- -j8 -l8
[0.025s] Invoking command in '/home/arka/aqua_sentinel/ros2_ws/build/mqtt_bridge': CMAKE_PREFIX_PATH=${CMAKE_PREFIX_PATH}:/opt/ros/humble /usr/bin/cmake --install /home/arka/aqua_sentinel/ros2_ws/build/mqtt_bridge
[0.028s] -- Install configuration: ""
[0.028s] -- Up-to-date: /home/arka/aqua_sentinel/ros2_ws/install/mqtt_bridge/share/ament_index/resource_index/package_run_dependencies/mqtt_bridge
[0.028s] -- Up-to-date: /home/arka/aqua_sentinel/ros2_ws/install/mqtt_bridge/share/ament_index/resource_index/parent_prefix_path/mqtt_bridge
[0.028s] -- Up-to-date: /home/arka/aqua_sentinel/ros2_ws/install/mqtt_bridge/share/mqtt_bridge/environment/ament_prefix_path.sh
[0.028s] -- Up-to-date: /home/arka/aqua_sentinel/ros2_ws/install/mqtt_bridge/share/mqtt_bridge/environment/ament_prefix_path.dsv
[0.028s] -- Up-to-date: /home/arka/aqua_sentinel/ros2_ws/install/mqtt_bridge/share/mqtt_bridge/environment/path.sh
[0.028s] -- Up-to-date: /home/arka/aqua_sentinel/ros2_ws/install/mqtt_bridge/share/mqtt_bridge/environment/path.dsv
[0.028s] -- Up-to-date: /home/arka/aqua_sentinel/ros2_ws/install/mqtt_bridge/share/mqtt_bridge/local_setup.bash
[0.028s] -- Up-to-date: /home/arka/aqua_sentinel/ros2_ws/install/mqtt_bridge/share/mqtt_bridge/local_setup.sh
[0.028s] -- Up-to-date: /home/arka/aqua_sentinel/ros2_ws/install/mqtt_bridge/share/mqtt_bridge/local_setup.zsh
[0.029s] -- Up-to-date: /home/arka/aqua_sentinel/ros2_ws/install/mqtt_bridge/share/mqtt_bridge/local_setup.dsv
[0.029s] -- Up-to-date: /home/arka/aqua_sentinel/ros2_ws/install/mqtt_bridge/share/mqtt_bridge/package.dsv
[0.029s] -- Up-to-date: /home/arka/aqua_sentinel/ros2_ws/install/mqtt_bridge/share/ament_index/resource_index/packages/mqtt_bridge
[0.029s] -- Up-to-date: /home/arka/aqua_sentinel/ros2_ws/install/mqtt_bridge/share/mqtt_bridge/cmake/mqtt_bridgeConfig.cmake
[0.029s] -- Up-to-date: /home/arka/aqua_sentinel/ros2_ws/install/mqtt_bridge/share/mqtt_bridge/cmake/mqtt_bridgeConfig-version.cmake
[0.029s] -- Up-to-date: /home/arka/aqua_sentinel/ros2_ws/install/mqtt_bridge/share/mqtt_bridge/package.xml
[0.054s] Invoked command in '/home/arka/aqua_sentinel/ros2_ws/build/mqtt_bridge' returned '0': CMAKE_PREFIX_PATH=${CMAKE_PREFIX_PATH}:/opt/ros/humble /usr/bin/cmake --install /home/arka/aqua_sentinel/ros2_ws/build/mqtt_bridge
