[0.026s] Invoking command in '/home/arka/aqua_sentinel/ros2_ws/build/mqtt_leak_bridge': AMENT_PREFIX_PATH=/home/arka/aqua_sentinel/ros2_ws/install/aqua_msgs:${AMENT_PREFIX_PATH} CMAKE_PREFIX_PATH=/home/arka/aqua_sentinel/ros2_ws/install/aqua_msgs:/home/arka/aqua_sentinel/install/sim_bridge:/home/arka/aqua_sentinel/install/mqtt_bridge:/home/arka/aqua_sentinel/install/aqua_msgs:/home/arka/ros_ws/install/ldlidar:/home/arka/ros_ws/install/ldlidar_node:/home/arka/ros_ws/install/ldlidar_component:/opt/ros/humble /usr/bin/cmake /home/arka/aqua_sentinel/ros2_ws/src/mqtt_leak_bridge -DCMAKE_INSTALL_PREFIX=/home/arka/aqua_sentinel/ros2_ws/install/mqtt_leak_bridge
[0.193s] -- The C compiler identification is GNU 11.4.0
[0.193s] -- The CXX compiler identification is GNU 11.4.0
[0.193s] -- Detecting C compiler ABI info
[0.194s] -- Detecting C compiler ABI info - done
[0.194s] -- Check for working C compiler: /usr/bin/cc - skipped
[0.194s] -- Detecting C compile features
[0.194s] -- Detecting C compile features - done
[0.194s] -- Detecting CXX compiler ABI info
[0.236s] -- Detecting CXX compiler ABI info - done
[0.243s] -- Check for working CXX compiler: /usr/bin/c++ - skipped
[0.243s] -- Detecting CXX compile features
[0.244s] -- Detecting CXX compile features - done
[0.246s] -- Found ament_cmake: 1.3.12 (/opt/ros/humble/share/ament_cmake/cmake)
[0.481s] -- Found Python3: /usr/bin/python3 (found version "3.10.13") found components: Interpreter 
[0.548s] -- Found rclcpp: 16.0.16 (/opt/ros/humble/share/rclcpp/cmake)
[0.580s] -- Found rosidl_generator_c: 3.1.7 (/opt/ros/humble/share/rosidl_generator_c/cmake)
[0.584s] -- Found rosidl_adapter: 3.1.7 (/opt/ros/humble/share/rosidl_adapter/cmake)
[0.592s] -- Found rosidl_generator_cpp: 3.1.7 (/opt/ros/humble/share/rosidl_generator_cpp/cmake)
[0.601s] -- Using all available rosidl_typesupport_c: rosidl_typesupport_fastrtps_c;rosidl_typesupport_introspection_c
[0.613s] -- Using all available rosidl_typesupport_cpp: rosidl_typesupport_fastrtps_cpp;rosidl_typesupport_introspection_cpp
[0.648s] -- Found rmw_implementation_cmake: 6.1.2 (/opt/ros/humble/share/rmw_implementation_cmake/cmake)
[0.650s] -- Found rmw_fastrtps_cpp: 6.2.9 (/opt/ros/humble/share/rmw_fastrtps_cpp/cmake)
[0.705s] -- Found OpenSSL: /usr/lib/x86_64-linux-gnu/libcrypto.so (found version "3.0.2")  
[0.727s] -- Found FastRTPS: /opt/ros/humble/include  
[0.761s] -- Using RMW implementation 'rmw_fastrtps_cpp' as default
[0.768s] -- Performing Test CMAKE_HAVE_LIBC_PTHREAD
[0.818s] -- Performing Test CMAKE_HAVE_LIBC_PTHREAD - Success
[0.820s] -- Found Threads: TRUE  
[0.859s] -- Found aqua_msgs: 0.0.0 (/home/arka/aqua_sentinel/ros2_ws/install/aqua_msgs/share/aqua_msgs/cmake)
[0.860s] -- Found ament_lint_auto: 0.12.14 (/opt/ros/humble/share/ament_lint_auto/cmake)
[0.933s] -- Added test 'lint_cmake' to check CMake code style
[0.934s] -- Added test 'xmllint' to check XML markup files
[0.937s] -- Configuring done
[0.946s] -- Generating done
[0.955s] -- Build files have been written to: /home/arka/aqua_sentinel/ros2_ws/build/mqtt_leak_bridge
[0.961s] Invoked command in '/home/arka/aqua_sentinel/ros2_ws/build/mqtt_leak_bridge' returned '0': AMENT_PREFIX_PATH=/home/arka/aqua_sentinel/ros2_ws/install/aqua_msgs:${AMENT_PREFIX_PATH} CMAKE_PREFIX_PATH=/home/arka/aqua_sentinel/ros2_ws/install/aqua_msgs:/home/arka/aqua_sentinel/install/sim_bridge:/home/arka/aqua_sentinel/install/mqtt_bridge:/home/arka/aqua_sentinel/install/aqua_msgs:/home/arka/ros_ws/install/ldlidar:/home/arka/ros_ws/install/ldlidar_node:/home/arka/ros_ws/install/ldlidar_component:/opt/ros/humble /usr/bin/cmake /home/arka/aqua_sentinel/ros2_ws/src/mqtt_leak_bridge -DCMAKE_INSTALL_PREFIX=/home/arka/aqua_sentinel/ros2_ws/install/mqtt_leak_bridge
[0.962s] Invoking command in '/home/arka/aqua_sentinel/ros2_ws/build/mqtt_leak_bridge': AMENT_PREFIX_PATH=/home/arka/aqua_sentinel/ros2_ws/install/aqua_msgs:${AMENT_PREFIX_PATH} CMAKE_PREFIX_PATH=/home/arka/aqua_sentinel/ros2_ws/install/aqua_msgs:/home/arka/aqua_sentinel/install/sim_bridge:/home/arka/aqua_sentinel/install/mqtt_bridge:/home/arka/aqua_sentinel/install/aqua_msgs:/home/arka/ros_ws/install/ldlidar:/home/arka/ros_ws/install/ldlidar_node:/home/arka/ros_ws/install/ldlidar_component:/opt/ros/humble /usr/bin/cmake --build /home/arka/aqua_sentinel/ros2_ws/build/mqtt_leak_bridge -- -j8 -l8
[0.976s] Invoked command in '/home/arka/aqua_sentinel/ros2_ws/build/mqtt_leak_bridge' returned '0': AMENT_PREFIX_PATH=/home/arka/aqua_sentinel/ros2_ws/install/aqua_msgs:${AMENT_PREFIX_PATH} CMAKE_PREFIX_PATH=/home/arka/aqua_sentinel/ros2_ws/install/aqua_msgs:/home/arka/aqua_sentinel/install/sim_bridge:/home/arka/aqua_sentinel/install/mqtt_bridge:/home/arka/aqua_sentinel/install/aqua_msgs:/home/arka/ros_ws/install/ldlidar:/home/arka/ros_ws/install/ldlidar_node:/home/arka/ros_ws/install/ldlidar_component:/opt/ros/humble /usr/bin/cmake --build /home/arka/aqua_sentinel/ros2_ws/build/mqtt_leak_bridge -- -j8 -l8
[0.977s] Invoking command in '/home/arka/aqua_sentinel/ros2_ws/build/mqtt_leak_bridge': AMENT_PREFIX_PATH=/home/arka/aqua_sentinel/ros2_ws/install/aqua_msgs:${AMENT_PREFIX_PATH} CMAKE_PREFIX_PATH=/home/arka/aqua_sentinel/ros2_ws/install/aqua_msgs:/home/arka/aqua_sentinel/install/sim_bridge:/home/arka/aqua_sentinel/install/mqtt_bridge:/home/arka/aqua_sentinel/install/aqua_msgs:/home/arka/ros_ws/install/ldlidar:/home/arka/ros_ws/install/ldlidar_node:/home/arka/ros_ws/install/ldlidar_component:/opt/ros/humble /usr/bin/cmake --install /home/arka/aqua_sentinel/ros2_ws/build/mqtt_leak_bridge
[0.979s] -- Install configuration: ""
[0.979s] -- Installing: /home/arka/aqua_sentinel/ros2_ws/install/mqtt_leak_bridge/share/ament_index/resource_index/package_run_dependencies/mqtt_leak_bridge
[0.979s] -- Installing: /home/arka/aqua_sentinel/ros2_ws/install/mqtt_leak_bridge/share/ament_index/resource_index/parent_prefix_path/mqtt_leak_bridge
[0.979s] -- Installing: /home/arka/aqua_sentinel/ros2_ws/install/mqtt_leak_bridge/share/mqtt_leak_bridge/environment/ament_prefix_path.sh
[0.980s] -- Installing: /home/arka/aqua_sentinel/ros2_ws/install/mqtt_leak_bridge/share/mqtt_leak_bridge/environment/ament_prefix_path.dsv
[0.980s] -- Installing: /home/arka/aqua_sentinel/ros2_ws/install/mqtt_leak_bridge/share/mqtt_leak_bridge/environment/path.sh
[0.980s] -- Installing: /home/arka/aqua_sentinel/ros2_ws/install/mqtt_leak_bridge/share/mqtt_leak_bridge/environment/path.dsv
[0.980s] -- Installing: /home/arka/aqua_sentinel/ros2_ws/install/mqtt_leak_bridge/share/mqtt_leak_bridge/local_setup.bash
[0.981s] -- Installing: /home/arka/aqua_sentinel/ros2_ws/install/mqtt_leak_bridge/share/mqtt_leak_bridge/local_setup.sh
[0.981s] -- Installing: /home/arka/aqua_sentinel/ros2_ws/install/mqtt_leak_bridge/share/mqtt_leak_bridge/local_setup.zsh
[0.981s] -- Installing: /home/arka/aqua_sentinel/ros2_ws/install/mqtt_leak_bridge/share/mqtt_leak_bridge/local_setup.dsv
[0.981s] -- Installing: /home/arka/aqua_sentinel/ros2_ws/install/mqtt_leak_bridge/share/mqtt_leak_bridge/package.dsv
[0.982s] -- Installing: /home/arka/aqua_sentinel/ros2_ws/install/mqtt_leak_bridge/share/ament_index/resource_index/packages/mqtt_leak_bridge
[0.982s] -- Installing: /home/arka/aqua_sentinel/ros2_ws/install/mqtt_leak_bridge/share/mqtt_leak_bridge/cmake/mqtt_leak_bridgeConfig.cmake
[0.982s] -- Installing: /home/arka/aqua_sentinel/ros2_ws/install/mqtt_leak_bridge/share/mqtt_leak_bridge/cmake/mqtt_leak_bridgeConfig-version.cmake
[0.982s] -- Installing: /home/arka/aqua_sentinel/ros2_ws/install/mqtt_leak_bridge/share/mqtt_leak_bridge/package.xml
[0.984s] Invoked command in '/home/arka/aqua_sentinel/ros2_ws/build/mqtt_leak_bridge' returned '0': AMENT_PREFIX_PATH=/home/arka/aqua_sentinel/ros2_ws/install/aqua_msgs:${AMENT_PREFIX_PATH} CMAKE_PREFIX_PATH=/home/arka/aqua_sentinel/ros2_ws/install/aqua_msgs:/home/arka/aqua_sentinel/install/sim_bridge:/home/arka/aqua_sentinel/install/mqtt_bridge:/home/arka/aqua_sentinel/install/aqua_msgs:/home/arka/ros_ws/install/ldlidar:/home/arka/ros_ws/install/ldlidar_node:/home/arka/ros_ws/install/ldlidar_component:/opt/ros/humble /usr/bin/cmake --install /home/arka/aqua_sentinel/ros2_ws/build/mqtt_leak_bridge
