[0.396s] Invoking command in '/home/arka/aqua_sentinel/ros2_ws/src/controller': PYTHONPATH=/home/arka/aqua_sentinel/ros2_ws/build/controller/prefix_override:/usr/lib/python3/dist-packages/colcon_core/task/python/colcon_distutils_commands:/home/arka/aqua_sentinel/ros2_ws/install/controller/lib/python3.10/site-packages:${PYTHONPATH} /usr/bin/python3 -W ignore:setup.py install is deprecated -W ignore:easy_install command is deprecated setup.py egg_info --egg-base ../../build/controller build --build-base /home/arka/aqua_sentinel/ros2_ws/build/controller/build install --record /home/arka/aqua_sentinel/ros2_ws/build/controller/install.log --single-version-externally-managed install_data
[0.551s] running egg_info
[0.552s] writing ../../build/controller/controller.egg-info/PKG-INFO
[0.552s] writing dependency_links to ../../build/controller/controller.egg-info/dependency_links.txt
[0.552s] writing entry points to ../../build/controller/controller.egg-info/entry_points.txt
[0.552s] writing requirements to ../../build/controller/controller.egg-info/requires.txt
[0.552s] writing top-level names to ../../build/controller/controller.egg-info/top_level.txt
[0.553s] reading manifest file '../../build/controller/controller.egg-info/SOURCES.txt'
[0.554s] writing manifest file '../../build/controller/controller.egg-info/SOURCES.txt'
[0.554s] running build
[0.554s] running build_py
[0.554s] running install
[0.554s] running install_lib
[0.555s] running install_data
[0.555s] running install_egg_info
[0.556s] removing '/home/arka/aqua_sentinel/ros2_ws/install/controller/lib/python3.10/site-packages/controller-0.0.1-py3.10.egg-info' (and everything under it)
[0.556s] Copying ../../build/controller/controller.egg-info to /home/arka/aqua_sentinel/ros2_ws/install/controller/lib/python3.10/site-packages/controller-0.0.1-py3.10.egg-info
[0.556s] running install_scripts
[0.570s] Installing controller script to /home/arka/aqua_sentinel/ros2_ws/install/controller/lib/controller
[0.570s] writing list of installed files to '/home/arka/aqua_sentinel/ros2_ws/build/controller/install.log'
[0.585s] Invoked command in '/home/arka/aqua_sentinel/ros2_ws/src/controller' returned '0': PYTHONPATH=/home/arka/aqua_sentinel/ros2_ws/build/controller/prefix_override:/usr/lib/python3/dist-packages/colcon_core/task/python/colcon_distutils_commands:/home/arka/aqua_sentinel/ros2_ws/install/controller/lib/python3.10/site-packages:${PYTHONPATH} /usr/bin/python3 -W ignore:setup.py install is deprecated -W ignore:easy_install command is deprecated setup.py egg_info --egg-base ../../build/controller build --build-base /home/arka/aqua_sentinel/ros2_ws/build/controller/build install --record /home/arka/aqua_sentinel/ros2_ws/build/controller/install.log --single-version-externally-managed install_data
