[0.019s] Invoking command in '/home/arka/aqua_sentinel/ros2_ws/build/mqtt_leak_bridge': AMENT_PREFIX_PATH=/home/arka/aqua_sentinel/ros2_ws/install/aqua_msgs:${AMENT_PREFIX_PATH} CMAKE_PREFIX_PATH=/home/arka/aqua_sentinel/ros2_ws/install/aqua_msgs:/home/arka/ros_ws/install/ldlidar:/home/arka/ros_ws/install/ldlidar_node:/home/arka/ros_ws/install/ldlidar_component:/opt/ros/humble /usr/bin/cmake --build /home/arka/aqua_sentinel/ros2_ws/build/mqtt_leak_bridge -- -j8 -l8
[0.198s] Invoked command in '/home/arka/aqua_sentinel/ros2_ws/build/mqtt_leak_bridge' returned '0': AMENT_PREFIX_PATH=/home/arka/aqua_sentinel/ros2_ws/install/aqua_msgs:${AMENT_PREFIX_PATH} CMAKE_PREFIX_PATH=/home/arka/aqua_sentinel/ros2_ws/install/aqua_msgs:/home/arka/ros_ws/install/ldlidar:/home/arka/ros_ws/install/ldlidar_node:/home/arka/ros_ws/install/ldlidar_component:/opt/ros/humble /usr/bin/cmake --build /home/arka/aqua_sentinel/ros2_ws/build/mqtt_leak_bridge -- -j8 -l8
[0.199s] Invoking command in '/home/arka/aqua_sentinel/ros2_ws/build/mqtt_leak_bridge': AMENT_PREFIX_PATH=/home/arka/aqua_sentinel/ros2_ws/install/aqua_msgs:${AMENT_PREFIX_PATH} CMAKE_PREFIX_PATH=/home/arka/aqua_sentinel/ros2_ws/install/aqua_msgs:/home/arka/ros_ws/install/ldlidar:/home/arka/ros_ws/install/ldlidar_node:/home/arka/ros_ws/install/ldlidar_component:/opt/ros/humble /usr/bin/cmake --install /home/arka/aqua_sentinel/ros2_ws/build/mqtt_leak_bridge
[0.202s] -- Install configuration: ""
[0.202s] -- Up-to-date: /home/arka/aqua_sentinel/ros2_ws/install/mqtt_leak_bridge/share/ament_index/resource_index/package_run_dependencies/mqtt_leak_bridge
[0.202s] -- Up-to-date: /home/arka/aqua_sentinel/ros2_ws/install/mqtt_leak_bridge/share/ament_index/resource_index/parent_prefix_path/mqtt_leak_bridge
[0.202s] -- Up-to-date: /home/arka/aqua_sentinel/ros2_ws/install/mqtt_leak_bridge/share/mqtt_leak_bridge/environment/ament_prefix_path.sh
[0.202s] -- Up-to-date: /home/arka/aqua_sentinel/ros2_ws/install/mqtt_leak_bridge/share/mqtt_leak_bridge/environment/ament_prefix_path.dsv
[0.202s] -- Up-to-date: /home/arka/aqua_sentinel/ros2_ws/install/mqtt_leak_bridge/share/mqtt_leak_bridge/environment/path.sh
[0.202s] -- Up-to-date: /home/arka/aqua_sentinel/ros2_ws/install/mqtt_leak_bridge/share/mqtt_leak_bridge/environment/path.dsv
[0.202s] -- Up-to-date: /home/arka/aqua_sentinel/ros2_ws/install/mqtt_leak_bridge/share/mqtt_leak_bridge/local_setup.bash
[0.203s] -- Up-to-date: /home/arka/aqua_sentinel/ros2_ws/install/mqtt_leak_bridge/share/mqtt_leak_bridge/local_setup.sh
[0.203s] -- Up-to-date: /home/arka/aqua_sentinel/ros2_ws/install/mqtt_leak_bridge/share/mqtt_leak_bridge/local_setup.zsh
[0.203s] -- Up-to-date: /home/arka/aqua_sentinel/ros2_ws/install/mqtt_leak_bridge/share/mqtt_leak_bridge/local_setup.dsv
[0.203s] -- Up-to-date: /home/arka/aqua_sentinel/ros2_ws/install/mqtt_leak_bridge/share/mqtt_leak_bridge/package.dsv
[0.203s] -- Up-to-date: /home/arka/aqua_sentinel/ros2_ws/install/mqtt_leak_bridge/share/ament_index/resource_index/packages/mqtt_leak_bridge
[0.203s] -- Up-to-date: /home/arka/aqua_sentinel/ros2_ws/install/mqtt_leak_bridge/share/mqtt_leak_bridge/cmake/mqtt_leak_bridgeConfig.cmake
[0.203s] -- Up-to-date: /home/arka/aqua_sentinel/ros2_ws/install/mqtt_leak_bridge/share/mqtt_leak_bridge/cmake/mqtt_leak_bridgeConfig-version.cmake
[0.203s] -- Up-to-date: /home/arka/aqua_sentinel/ros2_ws/install/mqtt_leak_bridge/share/mqtt_leak_bridge/package.xml
[0.204s] Invoked command in '/home/arka/aqua_sentinel/ros2_ws/build/mqtt_leak_bridge' returned '0': AMENT_PREFIX_PATH=/home/arka/aqua_sentinel/ros2_ws/install/aqua_msgs:${AMENT_PREFIX_PATH} CMAKE_PREFIX_PATH=/home/arka/aqua_sentinel/ros2_ws/install/aqua_msgs:/home/arka/ros_ws/install/ldlidar:/home/arka/ros_ws/install/ldlidar_node:/home/arka/ros_ws/install/ldlidar_component:/opt/ros/humble /usr/bin/cmake --install /home/arka/aqua_sentinel/ros2_ws/build/mqtt_leak_bridge
