[0.185s] Invoking command in '/home/arka/aqua_sentinel/ros2_ws/build/sim_bridge': AMENT_PREFIX_PATH=/home/arka/aqua_sentinel/ros2_ws/install/aqua_msgs:${AMENT_PREFIX_PATH} CMAKE_PREFIX_PATH=/home/arka/aqua_sentinel/ros2_ws/install/aqua_msgs:/home/arka/ros_ws/install/ldlidar:/home/arka/ros_ws/install/ldlidar_node:/home/arka/ros_ws/install/ldlidar_component:/opt/ros/humble /usr/bin/cmake --build /home/arka/aqua_sentinel/ros2_ws/build/sim_bridge -- -j8 -l8
[0.206s] Invoked command in '/home/arka/aqua_sentinel/ros2_ws/build/sim_bridge' returned '0': AMENT_PREFIX_PATH=/home/arka/aqua_sentinel/ros2_ws/install/aqua_msgs:${AMENT_PREFIX_PATH} CMAKE_PREFIX_PATH=/home/arka/aqua_sentinel/ros2_ws/install/aqua_msgs:/home/arka/ros_ws/install/ldlidar:/home/arka/ros_ws/install/ldlidar_node:/home/arka/ros_ws/install/ldlidar_component:/opt/ros/humble /usr/bin/cmake --build /home/arka/aqua_sentinel/ros2_ws/build/sim_bridge -- -j8 -l8
[0.207s] Invoking command in '/home/arka/aqua_sentinel/ros2_ws/build/sim_bridge': AMENT_PREFIX_PATH=/home/arka/aqua_sentinel/ros2_ws/install/aqua_msgs:${AMENT_PREFIX_PATH} CMAKE_PREFIX_PATH=/home/arka/aqua_sentinel/ros2_ws/install/aqua_msgs:/home/arka/ros_ws/install/ldlidar:/home/arka/ros_ws/install/ldlidar_node:/home/arka/ros_ws/install/ldlidar_component:/opt/ros/humble /usr/bin/cmake --install /home/arka/aqua_sentinel/ros2_ws/build/sim_bridge
[0.209s] -- Install configuration: ""
[0.210s] -- Up-to-date: /home/arka/aqua_sentinel/ros2_ws/install/sim_bridge/share/ament_index/resource_index/package_run_dependencies/sim_bridge
[0.210s] -- Up-to-date: /home/arka/aqua_sentinel/ros2_ws/install/sim_bridge/share/ament_index/resource_index/parent_prefix_path/sim_bridge
[0.210s] -- Up-to-date: /home/arka/aqua_sentinel/ros2_ws/install/sim_bridge/share/sim_bridge/environment/ament_prefix_path.sh
[0.210s] -- Up-to-date: /home/arka/aqua_sentinel/ros2_ws/install/sim_bridge/share/sim_bridge/environment/ament_prefix_path.dsv
[0.210s] -- Up-to-date: /home/arka/aqua_sentinel/ros2_ws/install/sim_bridge/share/sim_bridge/environment/path.sh
[0.210s] -- Up-to-date: /home/arka/aqua_sentinel/ros2_ws/install/sim_bridge/share/sim_bridge/environment/path.dsv
[0.210s] -- Up-to-date: /home/arka/aqua_sentinel/ros2_ws/install/sim_bridge/share/sim_bridge/local_setup.bash
[0.210s] -- Up-to-date: /home/arka/aqua_sentinel/ros2_ws/install/sim_bridge/share/sim_bridge/local_setup.sh
[0.210s] -- Up-to-date: /home/arka/aqua_sentinel/ros2_ws/install/sim_bridge/share/sim_bridge/local_setup.zsh
[0.210s] -- Up-to-date: /home/arka/aqua_sentinel/ros2_ws/install/sim_bridge/share/sim_bridge/local_setup.dsv
[0.210s] -- Installing: /home/arka/aqua_sentinel/ros2_ws/install/sim_bridge/share/sim_bridge/package.dsv
[0.210s] -- Up-to-date: /home/arka/aqua_sentinel/ros2_ws/install/sim_bridge/share/ament_index/resource_index/packages/sim_bridge
[0.211s] -- Up-to-date: /home/arka/aqua_sentinel/ros2_ws/install/sim_bridge/share/sim_bridge/cmake/sim_bridgeConfig.cmake
[0.211s] -- Up-to-date: /home/arka/aqua_sentinel/ros2_ws/install/sim_bridge/share/sim_bridge/cmake/sim_bridgeConfig-version.cmake
[0.211s] -- Up-to-date: /home/arka/aqua_sentinel/ros2_ws/install/sim_bridge/share/sim_bridge/package.xml
[0.212s] Invoked command in '/home/arka/aqua_sentinel/ros2_ws/build/sim_bridge' returned '0': AMENT_PREFIX_PATH=/home/arka/aqua_sentinel/ros2_ws/install/aqua_msgs:${AMENT_PREFIX_PATH} CMAKE_PREFIX_PATH=/home/arka/aqua_sentinel/ros2_ws/install/aqua_msgs:/home/arka/ros_ws/install/ldlidar:/home/arka/ros_ws/install/ldlidar_node:/home/arka/ros_ws/install/ldlidar_component:/opt/ros/humble /usr/bin/cmake --install /home/arka/aqua_sentinel/ros2_ws/build/sim_bridge
