[0.009s] Invoking command in '/home/arka/aqua_sentinel/ros2_ws/build/pipe_sensor_bridge': /usr/bin/cmake /home/arka/aqua_sentinel/ros2_ws/src/pipe_sensor_bridge -DCMAKE_INSTALL_PREFIX=/home/arka/aqua_sentinel/ros2_ws/install/pipe_sensor_bridge
[0.055s] -- The C compiler identification is GNU 11.4.0
[0.146s] -- The CXX compiler identification is GNU 11.4.0
[0.152s] -- Detecting C compiler ABI info
[0.196s] -- Detecting C compiler ABI info - done
[0.202s] -- Check for working C compiler: /usr/bin/cc - skipped
[0.202s] -- Detecting C compile features
[0.202s] -- Detecting C compile features - done
[0.205s] -- Detecting CXX compiler ABI info
[0.260s] -- Detecting CXX compiler ABI info - done
[0.266s] -- Check for working CXX compiler: /usr/bin/c++ - skipped
[0.267s] -- Detecting CXX compile features
[0.267s] -- Detecting CXX compile features - done
[0.269s] -- Found ament_cmake: 1.3.12 (/opt/ros/humble/share/ament_cmake/cmake)
[0.350s] -- Found Python3: /usr/bin/python3 (found version "3.10.13") found components: Interpreter 
[0.420s] -- Found rclcpp: 16.0.16 (/opt/ros/humble/share/rclcpp/cmake)
[0.457s] -- Found rosidl_generator_c: 3.1.7 (/opt/ros/humble/share/rosidl_generator_c/cmake)
[0.461s] -- Found rosidl_adapter: 3.1.7 (/opt/ros/humble/share/rosidl_adapter/cmake)
[0.467s] -- Found rosidl_generator_cpp: 3.1.7 (/opt/ros/humble/share/rosidl_generator_cpp/cmake)
[0.476s] -- Using all available rosidl_typesupport_c: rosidl_typesupport_fastrtps_c;rosidl_typesupport_introspection_c
[0.489s] -- Using all available rosidl_typesupport_cpp: rosidl_typesupport_fastrtps_cpp;rosidl_typesupport_introspection_cpp
[0.529s] -- Found rmw_implementation_cmake: 6.1.2 (/opt/ros/humble/share/rmw_implementation_cmake/cmake)
[0.532s] -- Found rmw_fastrtps_cpp: 6.2.9 (/opt/ros/humble/share/rmw_fastrtps_cpp/cmake)
[0.587s] -- Found OpenSSL: /usr/lib/x86_64-linux-gnu/libcrypto.so (found version "3.0.2")  
[0.608s] -- Found FastRTPS: /opt/ros/humble/include  
[0.639s] -- Using RMW implementation 'rmw_fastrtps_cpp' as default
[0.646s] -- Performing Test CMAKE_HAVE_LIBC_PTHREAD
[0.699s] -- Performing Test CMAKE_HAVE_LIBC_PTHREAD - Success
[0.700s] -- Found Threads: TRUE  
[0.738s] -- Found sensor_msgs: 4.9.0 (/opt/ros/humble/share/sensor_msgs/cmake)
[0.761s] -- Found ament_lint_auto: 0.12.14 (/opt/ros/humble/share/ament_lint_auto/cmake)
[0.796s] Error parsing '/home/arka/aqua_sentinel/ros2_ws/src/pipe_sensor_bridge/package.xml':
[0.829s] Traceback (most recent call last):
[0.829s]   File "/opt/ros/humble/share/ament_cmake_core/cmake/core/package_xml_2_cmake.py", line 150, in <module>
[0.829s]     main()
[0.829s]   File "/opt/ros/humble/share/ament_cmake_core/cmake/core/package_xml_2_cmake.py", line 53, in main
[0.829s]     raise e
[0.829s]   File "/opt/ros/humble/share/ament_cmake_core/cmake/core/package_xml_2_cmake.py", line 49, in main
[0.829s]     package = parse_package_string(
[0.829s]   File "/usr/lib/python3/dist-packages/catkin_pkg/package.py", line 630, in parse_package_string
[0.829s]     pkg.name = _get_node_value(_get_node(root, 'name', filename))
[0.829s]   File "/usr/lib/python3/dist-packages/catkin_pkg/package.py", line 800, in _get_node
[0.829s]     raise InvalidPackage('The manifest must contain exactly one "%s" tag' % tagname, filename)
[0.829s] catkin_pkg.package.InvalidPackage: Error(s) in package '/home/arka/aqua_sentinel/ros2_ws/src/pipe_sensor_bridge/package.xml':
[0.829s] The manifest must contain exactly one "name" tag
[0.841s] [31mCMake Error at /opt/ros/humble/share/ament_cmake_core/cmake/core/ament_package_xml.cmake:95 (message):
[0.841s]   execute_process(/usr/bin/python3
[0.841s]   /opt/ros/humble/share/ament_cmake_core/cmake/core/package_xml_2_cmake.py
[0.842s]   /home/arka/aqua_sentinel/ros2_ws/src/pipe_sensor_bridge/package.xml
[0.842s]   /home/arka/aqua_sentinel/ros2_ws/build/pipe_sensor_bridge/ament_cmake_core/package.cmake)
[0.842s]   returned error code 1
[0.842s] Call Stack (most recent call first):
[0.842s]   /opt/ros/humble/share/ament_cmake_core/cmake/core/ament_package_xml.cmake:49 (_ament_package_xml)
[0.842s]   /opt/ros/humble/share/ament_lint_auto/cmake/ament_lint_auto_find_test_dependencies.cmake:31 (ament_package_xml)
[0.842s]   CMakeLists.txt:49 (ament_lint_auto_find_test_dependencies)
[0.842s] 
[0.843s] [0m
[0.843s] -- Configuring incomplete, errors occurred!
[0.843s] See also "/home/arka/aqua_sentinel/ros2_ws/build/pipe_sensor_bridge/CMakeFiles/CMakeOutput.log".
[0.852s] Invoked command in '/home/arka/aqua_sentinel/ros2_ws/build/pipe_sensor_bridge' returned '1': /usr/bin/cmake /home/arka/aqua_sentinel/ros2_ws/src/pipe_sensor_bridge -DCMAKE_INSTALL_PREFIX=/home/arka/aqua_sentinel/ros2_ws/install/pipe_sensor_bridge
