[0.008s] Invoking command in '/home/arka/aqua_sentinel/ros2_ws/build/mqtt_bridge': CMAKE_PREFIX_PATH=${CMAKE_PREFIX_PATH}:/opt/ros/humble /usr/bin/cmake /home/arka/aqua_sentinel/ros2_ws/src/mqtt_bridge -DCMAKE_INSTALL_PREFIX=/home/arka/aqua_sentinel/ros2_ws/install/mqtt_bridge
[0.045s] -- The C compiler identification is GNU 11.4.0
[0.084s] -- The CXX compiler identification is GNU 11.4.0
[0.093s] -- Detecting C compiler ABI info
[0.140s] -- Detecting C compiler ABI info - done
[0.146s] -- Check for working C compiler: /usr/bin/cc - skipped
[0.146s] -- Detecting C compile features
[0.147s] -- Detecting C compile features - done
[0.149s] -- Detecting CXX compiler ABI info
[0.202s] -- Detecting CXX compiler ABI info - done
[0.212s] -- Check for working CXX compiler: /usr/bin/c++ - skipped
[0.212s] -- Detecting CXX compile features
[0.213s] -- Detecting CXX compile features - done
[0.216s] -- Found ament_cmake: 1.3.12 (/opt/ros/humble/share/ament_cmake/cmake)
[0.457s] -- Found Python3: /usr/bin/python3 (found version "3.10.13") found components: Interpreter 
[0.535s] -- Found rclcpp: 16.0.16 (/opt/ros/humble/share/rclcpp/cmake)
[0.568s] -- Found rosidl_generator_c: 3.1.7 (/opt/ros/humble/share/rosidl_generator_c/cmake)
[0.572s] -- Found rosidl_adapter: 3.1.7 (/opt/ros/humble/share/rosidl_adapter/cmake)
[0.579s] -- Found rosidl_generator_cpp: 3.1.7 (/opt/ros/humble/share/rosidl_generator_cpp/cmake)
[0.588s] -- Using all available rosidl_typesupport_c: rosidl_typesupport_fastrtps_c;rosidl_typesupport_introspection_c
[0.601s] -- Using all available rosidl_typesupport_cpp: rosidl_typesupport_fastrtps_cpp;rosidl_typesupport_introspection_cpp
[0.639s] -- Found rmw_implementation_cmake: 6.1.2 (/opt/ros/humble/share/rmw_implementation_cmake/cmake)
[0.642s] -- Found rmw_fastrtps_cpp: 6.2.9 (/opt/ros/humble/share/rmw_fastrtps_cpp/cmake)
[0.699s] -- Found OpenSSL: /usr/lib/x86_64-linux-gnu/libcrypto.so (found version "3.0.2")  
[0.723s] -- Found FastRTPS: /opt/ros/humble/include  
[0.756s] -- Using RMW implementation 'rmw_fastrtps_cpp' as default
[0.763s] -- Performing Test CMAKE_HAVE_LIBC_PTHREAD
[0.815s] -- Performing Test CMAKE_HAVE_LIBC_PTHREAD - Success
[0.816s] -- Found Threads: TRUE  
[0.868s] -- Found ament_lint_auto: 0.12.14 (/opt/ros/humble/share/ament_lint_auto/cmake)
[0.955s] -- Added test 'lint_cmake' to check CMake code style
[0.956s] -- Added test 'xmllint' to check XML markup files
[0.959s] -- Configuring done
[0.967s] -- Generating done
[0.976s] -- Build files have been written to: /home/arka/aqua_sentinel/ros2_ws/build/mqtt_bridge
[0.985s] Invoked command in '/home/arka/aqua_sentinel/ros2_ws/build/mqtt_bridge' returned '0': CMAKE_PREFIX_PATH=${CMAKE_PREFIX_PATH}:/opt/ros/humble /usr/bin/cmake /home/arka/aqua_sentinel/ros2_ws/src/mqtt_bridge -DCMAKE_INSTALL_PREFIX=/home/arka/aqua_sentinel/ros2_ws/install/mqtt_bridge
[0.986s] Invoking command in '/home/arka/aqua_sentinel/ros2_ws/build/mqtt_bridge': CMAKE_PREFIX_PATH=${CMAKE_PREFIX_PATH}:/opt/ros/humble /usr/bin/cmake --build /home/arka/aqua_sentinel/ros2_ws/build/mqtt_bridge -- -j8 -l8
[1.005s] Invoked command in '/home/arka/aqua_sentinel/ros2_ws/build/mqtt_bridge' returned '0': CMAKE_PREFIX_PATH=${CMAKE_PREFIX_PATH}:/opt/ros/humble /usr/bin/cmake --build /home/arka/aqua_sentinel/ros2_ws/build/mqtt_bridge -- -j8 -l8
[1.007s] Invoking command in '/home/arka/aqua_sentinel/ros2_ws/build/mqtt_bridge': CMAKE_PREFIX_PATH=${CMAKE_PREFIX_PATH}:/opt/ros/humble /usr/bin/cmake --install /home/arka/aqua_sentinel/ros2_ws/build/mqtt_bridge
[1.009s] -- Install configuration: ""
[1.009s] -- Installing: /home/arka/aqua_sentinel/ros2_ws/install/mqtt_bridge/share/ament_index/resource_index/package_run_dependencies/mqtt_bridge
[1.010s] -- Installing: /home/arka/aqua_sentinel/ros2_ws/install/mqtt_bridge/share/ament_index/resource_index/parent_prefix_path/mqtt_bridge
[1.011s] -- Installing: /home/arka/aqua_sentinel/ros2_ws/install/mqtt_bridge/share/mqtt_bridge/environment/ament_prefix_path.sh
[1.012s] -- Installing: /home/arka/aqua_sentinel/ros2_ws/install/mqtt_bridge/share/mqtt_bridge/environment/ament_prefix_path.dsv
[1.013s] -- Installing: /home/arka/aqua_sentinel/ros2_ws/install/mqtt_bridge/share/mqtt_bridge/environment/path.sh
[1.013s] -- Installing: /home/arka/aqua_sentinel/ros2_ws/install/mqtt_bridge/share/mqtt_bridge/environment/path.dsv
[1.013s] -- Installing: /home/arka/aqua_sentinel/ros2_ws/install/mqtt_bridge/share/mqtt_bridge/local_setup.bash
[1.014s] -- Installing: /home/arka/aqua_sentinel/ros2_ws/install/mqtt_bridge/share/mqtt_bridge/local_setup.sh
[1.014s] -- Installing: /home/arka/aqua_sentinel/ros2_ws/install/mqtt_bridge/share/mqtt_bridge/local_setup.zsh
[1.014s] -- Installing: /home/arka/aqua_sentinel/ros2_ws/install/mqtt_bridge/share/mqtt_bridge/local_setup.dsv
[1.015s] -- Installing: /home/arka/aqua_sentinel/ros2_ws/install/mqtt_bridge/share/mqtt_bridge/package.dsv
[1.015s] -- Installing: /home/arka/aqua_sentinel/ros2_ws/install/mqtt_bridge/share/ament_index/resource_index/packages/mqtt_bridge
[1.016s] -- Installing: /home/arka/aqua_sentinel/ros2_ws/install/mqtt_bridge/share/mqtt_bridge/cmake/mqtt_bridgeConfig.cmake
[1.016s] -- Installing: /home/arka/aqua_sentinel/ros2_ws/install/mqtt_bridge/share/mqtt_bridge/cmake/mqtt_bridgeConfig-version.cmake
[1.016s] -- Installing: /home/arka/aqua_sentinel/ros2_ws/install/mqtt_bridge/share/mqtt_bridge/package.xml
[1.018s] Invoked command in '/home/arka/aqua_sentinel/ros2_ws/build/mqtt_bridge' returned '0': CMAKE_PREFIX_PATH=${CMAKE_PREFIX_PATH}:/opt/ros/humble /usr/bin/cmake --install /home/arka/aqua_sentinel/ros2_ws/build/mqtt_bridge
