[0.071s] DEBUG:colcon:Command line arguments: ['/usr/bin/colcon', 'build']
[0.071s] DEBUG:colcon:Parsed command line arguments: Namespace(log_base=None, log_level=None, verb_name='build', build_base='build', install_base='install', merge_install=False, symlink_install=False, test_result_base=None, continue_on_error=False, executor='parallel', parallel_workers=8, event_handlers=None, ignore_user_meta=False, metas=['./colcon.meta'], base_paths=['.'], packages_ignore=None, packages_ignore_regex=None, paths=None, packages_up_to=None, packages_up_to_regex=None, packages_above=None, packages_above_and_dependencies=None, packages_above_depth=None, packages_select_by_dep=None, packages_skip_by_dep=None, packages_skip_up_to=None, packages_select_build_failed=False, packages_skip_build_finished=False, packages_select_test_failures=False, packages_skip_test_passed=False, packages_select=None, packages_skip=None, packages_select_regex=None, packages_skip_regex=None, packages_start=None, packages_end=None, allow_overriding=[], cmake_args=None, cmake_target=None, cmake_target_skip_unavailable=False, cmake_clean_cache=False, cmake_clean_first=False, cmake_force_configure=False, ament_cmake_args=None, catkin_cmake_args=None, catkin_skip_building_tests=False, mixin_files=None, mixin=None, verb_parser=<colcon_mixin.mixin.mixin_argument.MixinArgumentDecorator object at 0x75adcc33bd30>, verb_extension=<colcon_core.verb.build.BuildVerb object at 0x75adcc488cd0>, main=<bound method BuildVerb.main of <colcon_core.verb.build.BuildVerb object at 0x75adcc488cd0>>, mixin_verb=('build',))
[0.192s] Level 1:colcon.colcon_core.package_discovery:discover_packages(colcon_meta) check parameters
[0.192s] Level 1:colcon.colcon_core.package_discovery:discover_packages(recursive) check parameters
[0.192s] Level 1:colcon.colcon_core.package_discovery:discover_packages(ignore) check parameters
[0.192s] Level 1:colcon.colcon_core.package_discovery:discover_packages(path) check parameters
[0.192s] Level 1:colcon.colcon_core.package_discovery:discover_packages(colcon_meta) discover
[0.192s] Level 1:colcon.colcon_core.package_discovery:discover_packages(recursive) discover
[0.192s] INFO:colcon.colcon_core.package_discovery:Crawling recursively for packages in '/home/arka/aqua_sentinel/ros2_ws'
[0.193s] Level 1:colcon.colcon_core.package_identification:_identify(.) by extensions ['ignore', 'ignore_ament_install']
[0.193s] Level 1:colcon.colcon_core.package_identification:_identify(.) by extension 'ignore'
[0.193s] Level 1:colcon.colcon_core.package_identification:_identify(.) by extension 'ignore_ament_install'
[0.193s] Level 1:colcon.colcon_core.package_identification:_identify(.) by extensions ['colcon_pkg']
[0.193s] Level 1:colcon.colcon_core.package_identification:_identify(.) by extension 'colcon_pkg'
[0.193s] Level 1:colcon.colcon_core.package_identification:_identify(.) by extensions ['colcon_meta']
[0.193s] Level 1:colcon.colcon_core.package_identification:_identify(.) by extension 'colcon_meta'
[0.193s] Level 1:colcon.colcon_core.package_identification:_identify(.) by extensions ['ros']
[0.193s] Level 1:colcon.colcon_core.package_identification:_identify(.) by extension 'ros'
[0.200s] Level 1:colcon.colcon_core.package_identification:_identify(.) by extensions ['cmake', 'python']
[0.200s] Level 1:colcon.colcon_core.package_identification:_identify(.) by extension 'cmake'
[0.200s] Level 1:colcon.colcon_core.package_identification:_identify(.) by extension 'python'
[0.200s] Level 1:colcon.colcon_core.package_identification:_identify(.) by extensions ['python_setup_py']
[0.200s] Level 1:colcon.colcon_core.package_identification:_identify(.) by extension 'python_setup_py'
[0.200s] Level 1:colcon.colcon_core.package_identification:_identify(build) by extensions ['ignore', 'ignore_ament_install']
[0.200s] Level 1:colcon.colcon_core.package_identification:_identify(build) by extension 'ignore'
[0.200s] Level 1:colcon.colcon_core.package_identification:_identify(build) ignored
[0.200s] Level 1:colcon.colcon_core.package_identification:_identify(install) by extensions ['ignore', 'ignore_ament_install']
[0.200s] Level 1:colcon.colcon_core.package_identification:_identify(install) by extension 'ignore'
[0.200s] Level 1:colcon.colcon_core.package_identification:_identify(install) ignored
[0.200s] Level 1:colcon.colcon_core.package_identification:_identify(log) by extensions ['ignore', 'ignore_ament_install']
[0.200s] Level 1:colcon.colcon_core.package_identification:_identify(log) by extension 'ignore'
[0.200s] Level 1:colcon.colcon_core.package_identification:_identify(log) ignored
[0.201s] Level 1:colcon.colcon_core.package_identification:_identify(src) by extensions ['ignore', 'ignore_ament_install']
[0.201s] Level 1:colcon.colcon_core.package_identification:_identify(src) by extension 'ignore'
[0.201s] Level 1:colcon.colcon_core.package_identification:_identify(src) by extension 'ignore_ament_install'
[0.201s] Level 1:colcon.colcon_core.package_identification:_identify(src) by extensions ['colcon_pkg']
[0.201s] Level 1:colcon.colcon_core.package_identification:_identify(src) by extension 'colcon_pkg'
[0.201s] Level 1:colcon.colcon_core.package_identification:_identify(src) by extensions ['colcon_meta']
[0.201s] Level 1:colcon.colcon_core.package_identification:_identify(src) by extension 'colcon_meta'
[0.201s] Level 1:colcon.colcon_core.package_identification:_identify(src) by extensions ['ros']
[0.201s] Level 1:colcon.colcon_core.package_identification:_identify(src) by extension 'ros'
[0.201s] Level 1:colcon.colcon_core.package_identification:_identify(src) by extensions ['cmake', 'python']
[0.201s] Level 1:colcon.colcon_core.package_identification:_identify(src) by extension 'cmake'
[0.201s] Level 1:colcon.colcon_core.package_identification:_identify(src) by extension 'python'
[0.201s] Level 1:colcon.colcon_core.package_identification:_identify(src) by extensions ['python_setup_py']
[0.201s] Level 1:colcon.colcon_core.package_identification:_identify(src) by extension 'python_setup_py'
[0.201s] Level 1:colcon.colcon_core.package_identification:_identify(src/controller) by extensions ['ignore', 'ignore_ament_install']
[0.201s] Level 1:colcon.colcon_core.package_identification:_identify(src/controller) by extension 'ignore'
[0.201s] Level 1:colcon.colcon_core.package_identification:_identify(src/controller) by extension 'ignore_ament_install'
[0.201s] Level 1:colcon.colcon_core.package_identification:_identify(src/controller) by extensions ['colcon_pkg']
[0.201s] Level 1:colcon.colcon_core.package_identification:_identify(src/controller) by extension 'colcon_pkg'
[0.201s] Level 1:colcon.colcon_core.package_identification:_identify(src/controller) by extensions ['colcon_meta']
[0.201s] Level 1:colcon.colcon_core.package_identification:_identify(src/controller) by extension 'colcon_meta'
[0.201s] Level 1:colcon.colcon_core.package_identification:_identify(src/controller) by extensions ['ros']
[0.201s] Level 1:colcon.colcon_core.package_identification:_identify(src/controller) by extension 'ros'
[0.203s] DEBUG:colcon.colcon_core.package_identification:Package 'src/controller' with type 'ros.ament_python' and name 'controller'
[0.203s] Level 1:colcon.colcon_core.package_identification:_identify(src/pipe_sensor_bridge) by extensions ['ignore', 'ignore_ament_install']
[0.203s] Level 1:colcon.colcon_core.package_identification:_identify(src/pipe_sensor_bridge) by extension 'ignore'
[0.203s] Level 1:colcon.colcon_core.package_identification:_identify(src/pipe_sensor_bridge) by extension 'ignore_ament_install'
[0.203s] Level 1:colcon.colcon_core.package_identification:_identify(src/pipe_sensor_bridge) by extensions ['colcon_pkg']
[0.203s] Level 1:colcon.colcon_core.package_identification:_identify(src/pipe_sensor_bridge) by extension 'colcon_pkg'
[0.203s] Level 1:colcon.colcon_core.package_identification:_identify(src/pipe_sensor_bridge) by extensions ['colcon_meta']
[0.203s] Level 1:colcon.colcon_core.package_identification:_identify(src/pipe_sensor_bridge) by extension 'colcon_meta'
[0.203s] Level 1:colcon.colcon_core.package_identification:_identify(src/pipe_sensor_bridge) by extensions ['ros']
[0.203s] Level 1:colcon.colcon_core.package_identification:_identify(src/pipe_sensor_bridge) by extension 'ros'
[0.204s] DEBUG:colcon.colcon_core.package_identification:Package 'src/pipe_sensor_bridge' with type 'ros.ament_cmake' and name 'pipe_sensor_bridge'
[0.204s] Level 1:colcon.colcon_core.package_discovery:discover_packages(recursive) using defaults
[0.204s] Level 1:colcon.colcon_core.package_discovery:discover_packages(ignore) discover
[0.204s] Level 1:colcon.colcon_core.package_discovery:discover_packages(ignore) using defaults
[0.204s] Level 1:colcon.colcon_core.package_discovery:discover_packages(path) discover
[0.204s] Level 1:colcon.colcon_core.package_discovery:discover_packages(path) using defaults
[0.225s] Level 1:colcon.colcon_core.package_discovery:discover_packages(prefix_path) check parameters
[0.225s] Level 1:colcon.colcon_core.package_discovery:discover_packages(prefix_path) discover
[0.228s] DEBUG:colcon.colcon_installed_package_information.package_discovery:Found 3 installed packages in /home/arka/ros_ws/install
[0.229s] DEBUG:colcon.colcon_installed_package_information.package_discovery:Found 413 installed packages in /opt/ros/humble
[0.230s] Level 1:colcon.colcon_core.package_discovery:discover_packages(prefix_path) using defaults
[0.263s] Level 5:colcon.colcon_core.verb:set package 'controller' build argument 'cmake_args' from command line to 'None'
[0.263s] Level 5:colcon.colcon_core.verb:set package 'controller' build argument 'cmake_target' from command line to 'None'
[0.264s] Level 5:colcon.colcon_core.verb:set package 'controller' build argument 'cmake_target_skip_unavailable' from command line to 'False'
[0.264s] Level 5:colcon.colcon_core.verb:set package 'controller' build argument 'cmake_clean_cache' from command line to 'False'
[0.264s] Level 5:colcon.colcon_core.verb:set package 'controller' build argument 'cmake_clean_first' from command line to 'False'
[0.264s] Level 5:colcon.colcon_core.verb:set package 'controller' build argument 'cmake_force_configure' from command line to 'False'
[0.264s] Level 5:colcon.colcon_core.verb:set package 'controller' build argument 'ament_cmake_args' from command line to 'None'
[0.264s] Level 5:colcon.colcon_core.verb:set package 'controller' build argument 'catkin_cmake_args' from command line to 'None'
[0.264s] Level 5:colcon.colcon_core.verb:set package 'controller' build argument 'catkin_skip_building_tests' from command line to 'False'
[0.264s] DEBUG:colcon.colcon_core.verb:Building package 'controller' with the following arguments: {'ament_cmake_args': None, 'build_base': '/home/arka/aqua_sentinel/ros2_ws/build/controller', 'catkin_cmake_args': None, 'catkin_skip_building_tests': False, 'cmake_args': None, 'cmake_clean_cache': False, 'cmake_clean_first': False, 'cmake_force_configure': False, 'cmake_target': None, 'cmake_target_skip_unavailable': False, 'install_base': '/home/arka/aqua_sentinel/ros2_ws/install/controller', 'merge_install': False, 'path': '/home/arka/aqua_sentinel/ros2_ws/src/controller', 'symlink_install': False, 'test_result_base': None}
[0.264s] Level 5:colcon.colcon_core.verb:set package 'pipe_sensor_bridge' build argument 'cmake_args' from command line to 'None'
[0.264s] Level 5:colcon.colcon_core.verb:set package 'pipe_sensor_bridge' build argument 'cmake_target' from command line to 'None'
[0.264s] Level 5:colcon.colcon_core.verb:set package 'pipe_sensor_bridge' build argument 'cmake_target_skip_unavailable' from command line to 'False'
[0.264s] Level 5:colcon.colcon_core.verb:set package 'pipe_sensor_bridge' build argument 'cmake_clean_cache' from command line to 'False'
[0.264s] Level 5:colcon.colcon_core.verb:set package 'pipe_sensor_bridge' build argument 'cmake_clean_first' from command line to 'False'
[0.264s] Level 5:colcon.colcon_core.verb:set package 'pipe_sensor_bridge' build argument 'cmake_force_configure' from command line to 'False'
[0.264s] Level 5:colcon.colcon_core.verb:set package 'pipe_sensor_bridge' build argument 'ament_cmake_args' from command line to 'None'
[0.264s] Level 5:colcon.colcon_core.verb:set package 'pipe_sensor_bridge' build argument 'catkin_cmake_args' from command line to 'None'
[0.264s] Level 5:colcon.colcon_core.verb:set package 'pipe_sensor_bridge' build argument 'catkin_skip_building_tests' from command line to 'False'
[0.264s] DEBUG:colcon.colcon_core.verb:Building package 'pipe_sensor_bridge' with the following arguments: {'ament_cmake_args': None, 'build_base': '/home/arka/aqua_sentinel/ros2_ws/build/pipe_sensor_bridge', 'catkin_cmake_args': None, 'catkin_skip_building_tests': False, 'cmake_args': None, 'cmake_clean_cache': False, 'cmake_clean_first': False, 'cmake_force_configure': False, 'cmake_target': None, 'cmake_target_skip_unavailable': False, 'install_base': '/home/arka/aqua_sentinel/ros2_ws/install/pipe_sensor_bridge', 'merge_install': False, 'path': '/home/arka/aqua_sentinel/ros2_ws/src/pipe_sensor_bridge', 'symlink_install': False, 'test_result_base': None}
[0.264s] INFO:colcon.colcon_core.executor:Executing jobs using 'parallel' executor
[0.265s] DEBUG:colcon.colcon_parallel_executor.executor.parallel:run_until_complete
[0.265s] INFO:colcon.colcon_ros.task.ament_python.build:Building ROS package in '/home/arka/aqua_sentinel/ros2_ws/src/controller' with build type 'ament_python'
[0.265s] Level 1:colcon.colcon_core.shell:create_environment_hook('controller', 'ament_prefix_path')
[0.268s] INFO:colcon.colcon_core.plugin_system:Skipping extension 'colcon_core.shell.bat': Not used on non-Windows systems
[0.268s] INFO:colcon.colcon_core.shell:Creating environment hook '/home/arka/aqua_sentinel/ros2_ws/install/controller/share/controller/hook/ament_prefix_path.ps1'
[0.269s] INFO:colcon.colcon_core.shell:Creating environment descriptor '/home/arka/aqua_sentinel/ros2_ws/install/controller/share/controller/hook/ament_prefix_path.dsv'
[0.269s] INFO:colcon.colcon_core.shell:Creating environment hook '/home/arka/aqua_sentinel/ros2_ws/install/controller/share/controller/hook/ament_prefix_path.sh'
[0.270s] INFO:colcon.colcon_core.shell:Skip shell extension 'powershell' for command environment: Not usable outside of PowerShell
[0.270s] DEBUG:colcon.colcon_core.shell:Skip shell extension 'dsv' for command environment
[0.273s] INFO:colcon.colcon_ros.task.ament_cmake.build:Building ROS package in '/home/arka/aqua_sentinel/ros2_ws/src/pipe_sensor_bridge' with build type 'ament_cmake'
[0.273s] INFO:colcon.colcon_cmake.task.cmake.build:Building CMake package in '/home/arka/aqua_sentinel/ros2_ws/src/pipe_sensor_bridge'
[0.273s] INFO:colcon.colcon_core.shell:Skip shell extension 'powershell' for command environment: Not usable outside of PowerShell
[0.273s] DEBUG:colcon.colcon_core.shell:Skip shell extension 'dsv' for command environment
[0.441s] INFO:colcon.colcon_core.task.python.build:Building Python package in '/home/arka/aqua_sentinel/ros2_ws/src/controller'
[0.441s] INFO:colcon.colcon_core.shell:Skip shell extension 'powershell' for command environment: Not usable outside of PowerShell
[0.441s] DEBUG:colcon.colcon_core.shell:Skip shell extension 'dsv' for command environment
[0.447s] DEBUG:colcon.colcon_core.event_handler.log_command:Invoking command in '/home/arka/aqua_sentinel/ros2_ws/build/pipe_sensor_bridge': CMAKE_PREFIX_PATH=${CMAKE_PREFIX_PATH}:/opt/ros/humble /usr/bin/cmake --build /home/arka/aqua_sentinel/ros2_ws/build/pipe_sensor_bridge -- -j8 -l8
[0.520s] DEBUG:colcon.colcon_core.event_handler.log_command:Invoked command in '/home/arka/aqua_sentinel/ros2_ws/build/pipe_sensor_bridge' returned '0': CMAKE_PREFIX_PATH=${CMAKE_PREFIX_PATH}:/opt/ros/humble /usr/bin/cmake --build /home/arka/aqua_sentinel/ros2_ws/build/pipe_sensor_bridge -- -j8 -l8
[0.524s] DEBUG:colcon.colcon_core.event_handler.log_command:Invoking command in '/home/arka/aqua_sentinel/ros2_ws/build/pipe_sensor_bridge': CMAKE_PREFIX_PATH=${CMAKE_PREFIX_PATH}:/opt/ros/humble /usr/bin/cmake --install /home/arka/aqua_sentinel/ros2_ws/build/pipe_sensor_bridge
[0.529s] Level 1:colcon.colcon_core.environment:create_environment_scripts_only(pipe_sensor_bridge)
[0.529s] DEBUG:colcon.colcon_core.event_handler.log_command:Invoked command in '/home/arka/aqua_sentinel/ros2_ws/build/pipe_sensor_bridge' returned '0': CMAKE_PREFIX_PATH=${CMAKE_PREFIX_PATH}:/opt/ros/humble /usr/bin/cmake --install /home/arka/aqua_sentinel/ros2_ws/build/pipe_sensor_bridge
[0.533s] Level 1:colcon.colcon_core.environment:checking '/home/arka/aqua_sentinel/ros2_ws/install/pipe_sensor_bridge' for CMake module files
[0.533s] Level 1:colcon.colcon_core.environment:checking '/home/arka/aqua_sentinel/ros2_ws/install/pipe_sensor_bridge' for CMake config files
[0.533s] Level 1:colcon.colcon_core.shell:create_environment_hook('pipe_sensor_bridge', 'cmake_prefix_path')
[0.534s] INFO:colcon.colcon_core.shell:Creating environment hook '/home/arka/aqua_sentinel/ros2_ws/install/pipe_sensor_bridge/share/pipe_sensor_bridge/hook/cmake_prefix_path.ps1'
[0.534s] INFO:colcon.colcon_core.shell:Creating environment descriptor '/home/arka/aqua_sentinel/ros2_ws/install/pipe_sensor_bridge/share/pipe_sensor_bridge/hook/cmake_prefix_path.dsv'
[0.535s] INFO:colcon.colcon_core.shell:Creating environment hook '/home/arka/aqua_sentinel/ros2_ws/install/pipe_sensor_bridge/share/pipe_sensor_bridge/hook/cmake_prefix_path.sh'
[0.536s] Level 1:colcon.colcon_core.environment:checking '/home/arka/aqua_sentinel/ros2_ws/install/pipe_sensor_bridge/lib'
[0.536s] Level 1:colcon.colcon_core.environment:checking '/home/arka/aqua_sentinel/ros2_ws/install/pipe_sensor_bridge/bin'
[0.536s] Level 1:colcon.colcon_core.environment:checking '/home/arka/aqua_sentinel/ros2_ws/install/pipe_sensor_bridge/lib/pkgconfig/pipe_sensor_bridge.pc'
[0.536s] Level 1:colcon.colcon_core.environment:checking '/home/arka/aqua_sentinel/ros2_ws/install/pipe_sensor_bridge/lib/python3.10/site-packages'
[0.537s] Level 1:colcon.colcon_core.environment:checking '/home/arka/aqua_sentinel/ros2_ws/install/pipe_sensor_bridge/bin'
[0.537s] INFO:colcon.colcon_core.shell:Creating package script '/home/arka/aqua_sentinel/ros2_ws/install/pipe_sensor_bridge/share/pipe_sensor_bridge/package.ps1'
[0.538s] INFO:colcon.colcon_core.shell:Creating package descriptor '/home/arka/aqua_sentinel/ros2_ws/install/pipe_sensor_bridge/share/pipe_sensor_bridge/package.dsv'
[0.539s] INFO:colcon.colcon_core.shell:Creating package script '/home/arka/aqua_sentinel/ros2_ws/install/pipe_sensor_bridge/share/pipe_sensor_bridge/package.sh'
[0.540s] INFO:colcon.colcon_core.shell:Creating package script '/home/arka/aqua_sentinel/ros2_ws/install/pipe_sensor_bridge/share/pipe_sensor_bridge/package.bash'
[0.540s] INFO:colcon.colcon_core.shell:Creating package script '/home/arka/aqua_sentinel/ros2_ws/install/pipe_sensor_bridge/share/pipe_sensor_bridge/package.zsh'
[0.541s] Level 1:colcon.colcon_core.environment:create_file_with_runtime_dependencies(/home/arka/aqua_sentinel/ros2_ws/install/pipe_sensor_bridge/share/colcon-core/packages/pipe_sensor_bridge)
[0.541s] Level 1:colcon.colcon_core.environment:create_environment_scripts_only(pipe_sensor_bridge)
[0.542s] Level 1:colcon.colcon_core.environment:checking '/home/arka/aqua_sentinel/ros2_ws/install/pipe_sensor_bridge' for CMake module files
[0.542s] Level 1:colcon.colcon_core.environment:checking '/home/arka/aqua_sentinel/ros2_ws/install/pipe_sensor_bridge' for CMake config files
[0.542s] Level 1:colcon.colcon_core.shell:create_environment_hook('pipe_sensor_bridge', 'cmake_prefix_path')
[0.542s] INFO:colcon.colcon_core.shell:Creating environment hook '/home/arka/aqua_sentinel/ros2_ws/install/pipe_sensor_bridge/share/pipe_sensor_bridge/hook/cmake_prefix_path.ps1'
[0.542s] INFO:colcon.colcon_core.shell:Creating environment descriptor '/home/arka/aqua_sentinel/ros2_ws/install/pipe_sensor_bridge/share/pipe_sensor_bridge/hook/cmake_prefix_path.dsv'
[0.543s] INFO:colcon.colcon_core.shell:Creating environment hook '/home/arka/aqua_sentinel/ros2_ws/install/pipe_sensor_bridge/share/pipe_sensor_bridge/hook/cmake_prefix_path.sh'
[0.543s] Level 1:colcon.colcon_core.environment:checking '/home/arka/aqua_sentinel/ros2_ws/install/pipe_sensor_bridge/lib'
[0.543s] Level 1:colcon.colcon_core.environment:checking '/home/arka/aqua_sentinel/ros2_ws/install/pipe_sensor_bridge/bin'
[0.544s] Level 1:colcon.colcon_core.environment:checking '/home/arka/aqua_sentinel/ros2_ws/install/pipe_sensor_bridge/lib/pkgconfig/pipe_sensor_bridge.pc'
[0.544s] Level 1:colcon.colcon_core.environment:checking '/home/arka/aqua_sentinel/ros2_ws/install/pipe_sensor_bridge/lib/python3.10/site-packages'
[0.544s] Level 1:colcon.colcon_core.environment:checking '/home/arka/aqua_sentinel/ros2_ws/install/pipe_sensor_bridge/bin'
[0.544s] INFO:colcon.colcon_core.shell:Creating package script '/home/arka/aqua_sentinel/ros2_ws/install/pipe_sensor_bridge/share/pipe_sensor_bridge/package.ps1'
[0.544s] INFO:colcon.colcon_core.shell:Creating package descriptor '/home/arka/aqua_sentinel/ros2_ws/install/pipe_sensor_bridge/share/pipe_sensor_bridge/package.dsv'
[0.545s] INFO:colcon.colcon_core.shell:Creating package script '/home/arka/aqua_sentinel/ros2_ws/install/pipe_sensor_bridge/share/pipe_sensor_bridge/package.sh'
[0.545s] INFO:colcon.colcon_core.shell:Creating package script '/home/arka/aqua_sentinel/ros2_ws/install/pipe_sensor_bridge/share/pipe_sensor_bridge/package.bash'
[0.546s] INFO:colcon.colcon_core.shell:Creating package script '/home/arka/aqua_sentinel/ros2_ws/install/pipe_sensor_bridge/share/pipe_sensor_bridge/package.zsh'
[0.546s] Level 1:colcon.colcon_core.environment:create_file_with_runtime_dependencies(/home/arka/aqua_sentinel/ros2_ws/install/pipe_sensor_bridge/share/colcon-core/packages/pipe_sensor_bridge)
[0.770s] DEBUG:colcon.colcon_core.event_handler.log_command:Invoking command in '/home/arka/aqua_sentinel/ros2_ws/src/controller': PYTHONPATH=/home/arka/aqua_sentinel/ros2_ws/build/controller/prefix_override:/usr/lib/python3/dist-packages/colcon_core/task/python/colcon_distutils_commands:/home/arka/aqua_sentinel/ros2_ws/install/controller/lib/python3.10/site-packages:${PYTHONPATH} /usr/bin/python3 -W ignore:setup.py install is deprecated -W ignore:easy_install command is deprecated setup.py egg_info --egg-base ../../build/controller build --build-base /home/arka/aqua_sentinel/ros2_ws/build/controller/build install --record /home/arka/aqua_sentinel/ros2_ws/build/controller/install.log --single-version-externally-managed install_data
[0.991s] Level 1:colcon.colcon_core.environment:checking '/home/arka/aqua_sentinel/ros2_ws/install/controller' for CMake module files
[0.991s] DEBUG:colcon.colcon_core.event_handler.log_command:Invoked command in '/home/arka/aqua_sentinel/ros2_ws/src/controller' returned '0': PYTHONPATH=/home/arka/aqua_sentinel/ros2_ws/build/controller/prefix_override:/usr/lib/python3/dist-packages/colcon_core/task/python/colcon_distutils_commands:/home/arka/aqua_sentinel/ros2_ws/install/controller/lib/python3.10/site-packages:${PYTHONPATH} /usr/bin/python3 -W ignore:setup.py install is deprecated -W ignore:easy_install command is deprecated setup.py egg_info --egg-base ../../build/controller build --build-base /home/arka/aqua_sentinel/ros2_ws/build/controller/build install --record /home/arka/aqua_sentinel/ros2_ws/build/controller/install.log --single-version-externally-managed install_data
[0.992s] Level 1:colcon.colcon_core.environment:checking '/home/arka/aqua_sentinel/ros2_ws/install/controller' for CMake config files
[0.992s] Level 1:colcon.colcon_core.environment:checking '/home/arka/aqua_sentinel/ros2_ws/install/controller/lib'
[0.992s] Level 1:colcon.colcon_core.environment:checking '/home/arka/aqua_sentinel/ros2_ws/install/controller/bin'
[0.992s] Level 1:colcon.colcon_core.environment:checking '/home/arka/aqua_sentinel/ros2_ws/install/controller/lib/pkgconfig/controller.pc'
[0.993s] Level 1:colcon.colcon_core.environment:checking '/home/arka/aqua_sentinel/ros2_ws/install/controller/lib/python3.10/site-packages'
[0.993s] Level 1:colcon.colcon_core.shell:create_environment_hook('controller', 'pythonpath')
[0.993s] INFO:colcon.colcon_core.shell:Creating environment hook '/home/arka/aqua_sentinel/ros2_ws/install/controller/share/controller/hook/pythonpath.ps1'
[0.994s] INFO:colcon.colcon_core.shell:Creating environment descriptor '/home/arka/aqua_sentinel/ros2_ws/install/controller/share/controller/hook/pythonpath.dsv'
[0.994s] INFO:colcon.colcon_core.shell:Creating environment hook '/home/arka/aqua_sentinel/ros2_ws/install/controller/share/controller/hook/pythonpath.sh'
[0.995s] Level 1:colcon.colcon_core.environment:checking '/home/arka/aqua_sentinel/ros2_ws/install/controller/bin'
[0.995s] Level 1:colcon.colcon_core.environment:create_environment_scripts_only(controller)
[0.995s] INFO:colcon.colcon_core.shell:Creating package script '/home/arka/aqua_sentinel/ros2_ws/install/controller/share/controller/package.ps1'
[0.996s] INFO:colcon.colcon_core.shell:Creating package descriptor '/home/arka/aqua_sentinel/ros2_ws/install/controller/share/controller/package.dsv'
[0.996s] INFO:colcon.colcon_core.shell:Creating package script '/home/arka/aqua_sentinel/ros2_ws/install/controller/share/controller/package.sh'
[0.997s] INFO:colcon.colcon_core.shell:Creating package script '/home/arka/aqua_sentinel/ros2_ws/install/controller/share/controller/package.bash'
[0.997s] INFO:colcon.colcon_core.shell:Creating package script '/home/arka/aqua_sentinel/ros2_ws/install/controller/share/controller/package.zsh'
[0.997s] Level 1:colcon.colcon_core.environment:create_file_with_runtime_dependencies(/home/arka/aqua_sentinel/ros2_ws/install/controller/share/colcon-core/packages/controller)
[0.998s] DEBUG:colcon.colcon_parallel_executor.executor.parallel:closing loop
[0.998s] DEBUG:colcon.colcon_parallel_executor.executor.parallel:loop closed
[0.998s] DEBUG:colcon.colcon_parallel_executor.executor.parallel:run_until_complete finished with '0'
[0.998s] DEBUG:colcon.colcon_core.event_reactor:joining thread
[1.003s] INFO:colcon.colcon_core.plugin_system:Skipping extension 'colcon_notification.desktop_notification.terminal_notifier': Not used on non-Darwin systems
[1.003s] INFO:colcon.colcon_core.plugin_system:Skipping extension 'colcon_notification.desktop_notification.win32': Not used on non-Windows systems
[1.003s] INFO:colcon.colcon_notification.desktop_notification:Sending desktop notification using 'notify2'
[1.015s] DEBUG:colcon.colcon_core.event_reactor:joined thread
[1.015s] INFO:colcon.colcon_core.shell:Creating prefix script '/home/arka/aqua_sentinel/ros2_ws/install/local_setup.ps1'
[1.016s] INFO:colcon.colcon_core.shell:Creating prefix util module '/home/arka/aqua_sentinel/ros2_ws/install/_local_setup_util_ps1.py'
[1.018s] INFO:colcon.colcon_core.shell:Creating prefix chain script '/home/arka/aqua_sentinel/ros2_ws/install/setup.ps1'
[1.020s] INFO:colcon.colcon_core.shell:Creating prefix script '/home/arka/aqua_sentinel/ros2_ws/install/local_setup.sh'
[1.020s] INFO:colcon.colcon_core.shell:Creating prefix util module '/home/arka/aqua_sentinel/ros2_ws/install/_local_setup_util_sh.py'
[1.021s] INFO:colcon.colcon_core.shell:Creating prefix chain script '/home/arka/aqua_sentinel/ros2_ws/install/setup.sh'
[1.022s] INFO:colcon.colcon_core.shell:Creating prefix script '/home/arka/aqua_sentinel/ros2_ws/install/local_setup.bash'
[1.022s] INFO:colcon.colcon_core.shell:Creating prefix chain script '/home/arka/aqua_sentinel/ros2_ws/install/setup.bash'
[1.024s] INFO:colcon.colcon_core.shell:Creating prefix script '/home/arka/aqua_sentinel/ros2_ws/install/local_setup.zsh'
[1.024s] INFO:colcon.colcon_core.shell:Creating prefix chain script '/home/arka/aqua_sentinel/ros2_ws/install/setup.zsh'
