[0.015s] Invoking command in '/home/arka/aqua_sentinel/ros2_ws/build/aqua_msgs': CMAKE_PREFIX_PATH=${CMAKE_PREFIX_PATH}:/opt/ros/humble /usr/bin/cmake --build /home/arka/aqua_sentinel/ros2_ws/build/aqua_msgs -- -j8 -l8
[0.044s] Invoked command in '/home/arka/aqua_sentinel/ros2_ws/build/aqua_msgs' returned '0': CMAKE_PREFIX_PATH=${CMAKE_PREFIX_PATH}:/opt/ros/humble /usr/bin/cmake --build /home/arka/aqua_sentinel/ros2_ws/build/aqua_msgs -- -j8 -l8
[0.047s] Invoking command in '/home/arka/aqua_sentinel/ros2_ws/build/aqua_msgs': CMAKE_PREFIX_PATH=${CMAKE_PREFIX_PATH}:/opt/ros/humble /usr/bin/cmake --install /home/arka/aqua_sentinel/ros2_ws/build/aqua_msgs
[0.051s] -- Install configuration: ""
[0.051s] -- Up-to-date: /home/arka/aqua_sentinel/ros2_ws/install/aqua_msgs/share/ament_index/resource_index/package_run_dependencies/aqua_msgs
[0.051s] -- Up-to-date: /home/arka/aqua_sentinel/ros2_ws/install/aqua_msgs/share/ament_index/resource_index/parent_prefix_path/aqua_msgs
[0.051s] -- Up-to-date: /home/arka/aqua_sentinel/ros2_ws/install/aqua_msgs/share/aqua_msgs/environment/ament_prefix_path.sh
[0.051s] -- Up-to-date: /home/arka/aqua_sentinel/ros2_ws/install/aqua_msgs/share/aqua_msgs/environment/ament_prefix_path.dsv
[0.051s] -- Up-to-date: /home/arka/aqua_sentinel/ros2_ws/install/aqua_msgs/share/aqua_msgs/environment/path.sh
[0.052s] -- Up-to-date: /home/arka/aqua_sentinel/ros2_ws/install/aqua_msgs/share/aqua_msgs/environment/path.dsv
[0.052s] -- Up-to-date: /home/arka/aqua_sentinel/ros2_ws/install/aqua_msgs/share/aqua_msgs/local_setup.bash
[0.052s] -- Up-to-date: /home/arka/aqua_sentinel/ros2_ws/install/aqua_msgs/share/aqua_msgs/local_setup.sh
[0.052s] -- Up-to-date: /home/arka/aqua_sentinel/ros2_ws/install/aqua_msgs/share/aqua_msgs/local_setup.zsh
[0.052s] -- Up-to-date: /home/arka/aqua_sentinel/ros2_ws/install/aqua_msgs/share/aqua_msgs/local_setup.dsv
[0.052s] -- Installing: /home/arka/aqua_sentinel/ros2_ws/install/aqua_msgs/share/aqua_msgs/package.dsv
[0.052s] -- Up-to-date: /home/arka/aqua_sentinel/ros2_ws/install/aqua_msgs/share/ament_index/resource_index/packages/aqua_msgs
[0.052s] -- Up-to-date: /home/arka/aqua_sentinel/ros2_ws/install/aqua_msgs/share/aqua_msgs/cmake/aqua_msgsConfig.cmake
[0.052s] -- Up-to-date: /home/arka/aqua_sentinel/ros2_ws/install/aqua_msgs/share/aqua_msgs/cmake/aqua_msgsConfig-version.cmake
[0.052s] -- Up-to-date: /home/arka/aqua_sentinel/ros2_ws/install/aqua_msgs/share/aqua_msgs/package.xml
[0.054s] Invoked command in '/home/arka/aqua_sentinel/ros2_ws/build/aqua_msgs' returned '0': CMAKE_PREFIX_PATH=${CMAKE_PREFIX_PATH}:/opt/ros/humble /usr/bin/cmake --install /home/arka/aqua_sentinel/ros2_ws/build/aqua_msgs
