[0.182s] Invoking command in '/home/arka/aqua_sentinel/ros2_ws/build/pipe_sensor_bridge': CMAKE_PREFIX_PATH=${CMAKE_PREFIX_PATH}:/home/arka/aqua_sentinel/ros2_ws/install/controller:/opt/ros/humble /usr/bin/cmake --build /home/arka/aqua_sentinel/ros2_ws/build/pipe_sensor_bridge -- -j8 -l8
[0.207s] [100%] Built target init_config_publisher
[0.207s] [100%] Built target mqtt_subscriber_bridge
[0.211s] Invoked command in '/home/arka/aqua_sentinel/ros2_ws/build/pipe_sensor_bridge' returned '0': CMAKE_PREFIX_PATH=${CMAKE_PREFIX_PATH}:/home/arka/aqua_sentinel/ros2_ws/install/controller:/opt/ros/humble /usr/bin/cmake --build /home/arka/aqua_sentinel/ros2_ws/build/pipe_sensor_bridge -- -j8 -l8
[0.214s] Invoking command in '/home/arka/aqua_sentinel/ros2_ws/build/pipe_sensor_bridge': CMAKE_PREFIX_PATH=${CMAKE_PREFIX_PATH}:/home/arka/aqua_sentinel/ros2_ws/install/controller:/opt/ros/humble /usr/bin/cmake --install /home/arka/aqua_sentinel/ros2_ws/build/pipe_sensor_bridge
[0.216s] -- Install configuration: ""
[0.216s] -- Up-to-date: /home/arka/aqua_sentinel/ros2_ws/install/pipe_sensor_bridge/lib/pipe_sensor_bridge/init_config_publisher
[0.216s] -- Up-to-date: /home/arka/aqua_sentinel/ros2_ws/install/pipe_sensor_bridge/lib/pipe_sensor_bridge/mqtt_subscriber_bridge
[0.216s] -- Up-to-date: /home/arka/aqua_sentinel/ros2_ws/install/pipe_sensor_bridge/share/pipe_sensor_bridge/launch
[0.216s] -- Up-to-date: /home/arka/aqua_sentinel/ros2_ws/install/pipe_sensor_bridge/share/pipe_sensor_bridge/launch/pipe_bridge.launch.py
[0.217s] -- Up-to-date: /home/arka/aqua_sentinel/ros2_ws/install/pipe_sensor_bridge/lib/pipe_sensor_bridge/test_valve_control.sh
[0.217s] -- Up-to-date: /home/arka/aqua_sentinel/ros2_ws/install/pipe_sensor_bridge/lib/pipe_sensor_bridge/monitor_sensors.sh
[0.217s] -- Up-to-date: /home/arka/aqua_sentinel/ros2_ws/install/pipe_sensor_bridge/lib/pipe_sensor_bridge/maintenance.sh
[0.217s] -- Up-to-date: /home/arka/aqua_sentinel/ros2_ws/install/pipe_sensor_bridge/share/pipe_sensor_bridge/scripts/test_valve_control.sh
[0.217s] -- Up-to-date: /home/arka/aqua_sentinel/ros2_ws/install/pipe_sensor_bridge/share/pipe_sensor_bridge/scripts/monitor_sensors.sh
[0.217s] -- Up-to-date: /home/arka/aqua_sentinel/ros2_ws/install/pipe_sensor_bridge/share/pipe_sensor_bridge/scripts/maintenance.sh
[0.217s] -- Up-to-date: /home/arka/aqua_sentinel/ros2_ws/install/pipe_sensor_bridge/share/ament_index/resource_index/package_run_dependencies/pipe_sensor_bridge
[0.217s] -- Up-to-date: /home/arka/aqua_sentinel/ros2_ws/install/pipe_sensor_bridge/share/ament_index/resource_index/parent_prefix_path/pipe_sensor_bridge
[0.217s] -- Up-to-date: /home/arka/aqua_sentinel/ros2_ws/install/pipe_sensor_bridge/share/pipe_sensor_bridge/environment/ament_prefix_path.sh
[0.217s] -- Up-to-date: /home/arka/aqua_sentinel/ros2_ws/install/pipe_sensor_bridge/share/pipe_sensor_bridge/environment/ament_prefix_path.dsv
[0.217s] -- Up-to-date: /home/arka/aqua_sentinel/ros2_ws/install/pipe_sensor_bridge/share/pipe_sensor_bridge/environment/path.sh
[0.217s] -- Up-to-date: /home/arka/aqua_sentinel/ros2_ws/install/pipe_sensor_bridge/share/pipe_sensor_bridge/environment/path.dsv
[0.217s] -- Up-to-date: /home/arka/aqua_sentinel/ros2_ws/install/pipe_sensor_bridge/share/pipe_sensor_bridge/local_setup.bash
[0.217s] -- Up-to-date: /home/arka/aqua_sentinel/ros2_ws/install/pipe_sensor_bridge/share/pipe_sensor_bridge/local_setup.sh
[0.218s] -- Up-to-date: /home/arka/aqua_sentinel/ros2_ws/install/pipe_sensor_bridge/share/pipe_sensor_bridge/local_setup.zsh
[0.218s] -- Up-to-date: /home/arka/aqua_sentinel/ros2_ws/install/pipe_sensor_bridge/share/pipe_sensor_bridge/local_setup.dsv
[0.218s] -- Installing: /home/arka/aqua_sentinel/ros2_ws/install/pipe_sensor_bridge/share/pipe_sensor_bridge/package.dsv
[0.218s] -- Up-to-date: /home/arka/aqua_sentinel/ros2_ws/install/pipe_sensor_bridge/share/ament_index/resource_index/packages/pipe_sensor_bridge
[0.218s] -- Up-to-date: /home/arka/aqua_sentinel/ros2_ws/install/pipe_sensor_bridge/share/pipe_sensor_bridge/cmake/pipe_sensor_bridgeConfig.cmake
[0.219s] -- Up-to-date: /home/arka/aqua_sentinel/ros2_ws/install/pipe_sensor_bridge/share/pipe_sensor_bridge/cmake/pipe_sensor_bridgeConfig-version.cmake
[0.219s] -- Up-to-date: /home/arka/aqua_sentinel/ros2_ws/install/pipe_sensor_bridge/share/pipe_sensor_bridge/package.xml
[0.219s] Invoked command in '/home/arka/aqua_sentinel/ros2_ws/build/pipe_sensor_bridge' returned '0': CMAKE_PREFIX_PATH=${CMAKE_PREFIX_PATH}:/home/arka/aqua_sentinel/ros2_ws/install/controller:/opt/ros/humble /usr/bin/cmake --install /home/arka/aqua_sentinel/ros2_ws/build/pipe_sensor_bridge
