[0.008s] Invoking command in '/home/arka/aqua_sentinel/ros2_ws/build/pipe_sensor_bridge': CMAKE_PREFIX_PATH=${CMAKE_PREFIX_PATH}:/opt/ros/humble /usr/bin/cmake --build /home/arka/aqua_sentinel/ros2_ws/build/pipe_sensor_bridge -- -j8 -l8
[0.023s] -- Found ament_cmake: 1.3.12 (/opt/ros/humble/share/ament_cmake/cmake)
[0.101s] -- Found rclcpp: 16.0.16 (/opt/ros/humble/share/rclcpp/cmake)
[0.137s] -- Found rosidl_generator_c: 3.1.7 (/opt/ros/humble/share/rosidl_generator_c/cmake)
[0.139s] -- Found rosidl_adapter: 3.1.7 (/opt/ros/humble/share/rosidl_adapter/cmake)
[0.146s] -- Found rosidl_generator_cpp: 3.1.7 (/opt/ros/humble/share/rosidl_generator_cpp/cmake)
[0.155s] -- Using all available rosidl_typesupport_c: rosidl_typesupport_fastrtps_c;rosidl_typesupport_introspection_c
[0.167s] -- Using all available rosidl_typesupport_cpp: rosidl_typesupport_fastrtps_cpp;rosidl_typesupport_introspection_cpp
[0.201s] -- Found rmw_implementation_cmake: 6.1.2 (/opt/ros/humble/share/rmw_implementation_cmake/cmake)
[0.203s] -- Found rmw_fastrtps_cpp: 6.2.9 (/opt/ros/humble/share/rmw_fastrtps_cpp/cmake)
[0.288s] -- Using RMW implementation 'rmw_fastrtps_cpp' as default
[0.335s] -- Found ament_lint_auto: 0.12.14 (/opt/ros/humble/share/ament_lint_auto/cmake)
[0.386s] -- Added test 'copyright' to check source files copyright and LICENSE
[0.387s] -- Added test 'cppcheck' to perform static code analysis on C / C++ code
[0.387s] -- Configured cppcheck include dirs: 
[0.387s] -- Configured cppcheck exclude dirs and/or files: 
[0.388s] -- Added test 'cpplint' to check C / C++ code against the Google style
[0.388s] -- Configured cpplint exclude dirs and/or files: 
[0.388s] -- Added test 'flake8' to check Python code syntax and style conventions
[0.389s] -- Added test 'lint_cmake' to check CMake code style
[0.389s] -- Added test 'pep257' to check Python code against some of the docstring style conventions in PEP 257
[0.390s] -- Added test 'uncrustify' to check C / C++ code style
[0.390s] -- Configured uncrustify additional arguments: 
[0.390s] -- Added test 'xmllint' to check XML markup files
[0.392s] -- Configuring done
[0.419s] -- Generating done
[0.431s] -- Build files have been written to: /home/arka/aqua_sentinel/ros2_ws/build/pipe_sensor_bridge
[0.459s] [ 25%] [32mBuilding CXX object CMakeFiles/mqtt_subscriber_bridge.dir/src/mqtt_subscriber.cpp.o[0m
[0.464s] [ 50%] [32mBuilding CXX object CMakeFiles/init_config_publisher.dir/src/init_config_publisher.cpp.o[0m
[4.450s] [ 75%] [32m[1mLinking CXX executable init_config_publisher[0m
[4.632s] [ 75%] Built target init_config_publisher
[7.963s] [100%] [32m[1mLinking CXX executable mqtt_subscriber_bridge[0m
[8.318s] [100%] Built target mqtt_subscriber_bridge
[8.327s] Invoked command in '/home/arka/aqua_sentinel/ros2_ws/build/pipe_sensor_bridge' returned '0': CMAKE_PREFIX_PATH=${CMAKE_PREFIX_PATH}:/opt/ros/humble /usr/bin/cmake --build /home/arka/aqua_sentinel/ros2_ws/build/pipe_sensor_bridge -- -j8 -l8
[8.331s] Invoking command in '/home/arka/aqua_sentinel/ros2_ws/build/pipe_sensor_bridge': CMAKE_PREFIX_PATH=${CMAKE_PREFIX_PATH}:/opt/ros/humble /usr/bin/cmake --install /home/arka/aqua_sentinel/ros2_ws/build/pipe_sensor_bridge
[8.335s] -- Install configuration: ""
[8.338s] -- Installing: /home/arka/aqua_sentinel/ros2_ws/install/pipe_sensor_bridge/lib/pipe_sensor_bridge/init_config_publisher
[8.341s] -- Set runtime path of "/home/arka/aqua_sentinel/ros2_ws/install/pipe_sensor_bridge/lib/pipe_sensor_bridge/init_config_publisher" to ""
[8.342s] -- Installing: /home/arka/aqua_sentinel/ros2_ws/install/pipe_sensor_bridge/lib/pipe_sensor_bridge/mqtt_subscriber_bridge
[8.348s] -- Set runtime path of "/home/arka/aqua_sentinel/ros2_ws/install/pipe_sensor_bridge/lib/pipe_sensor_bridge/mqtt_subscriber_bridge" to ""
[8.348s] -- Up-to-date: /home/arka/aqua_sentinel/ros2_ws/install/pipe_sensor_bridge/share/pipe_sensor_bridge/launch
[8.349s] -- Up-to-date: /home/arka/aqua_sentinel/ros2_ws/install/pipe_sensor_bridge/share/pipe_sensor_bridge/launch/pipe_bridge.launch.py
[8.349s] -- Up-to-date: /home/arka/aqua_sentinel/ros2_ws/install/pipe_sensor_bridge/share/pipe_sensor_bridge/config
[8.349s] -- Up-to-date: /home/arka/aqua_sentinel/ros2_ws/install/pipe_sensor_bridge/share/pipe_sensor_bridge/config/mqtt_params.yaml
[8.349s] -- Up-to-date: /home/arka/aqua_sentinel/ros2_ws/install/pipe_sensor_bridge/lib/pipe_sensor_bridge/test_valve_control.sh
[8.349s] -- Up-to-date: /home/arka/aqua_sentinel/ros2_ws/install/pipe_sensor_bridge/lib/pipe_sensor_bridge/monitor_sensors.sh
[8.349s] -- Up-to-date: /home/arka/aqua_sentinel/ros2_ws/install/pipe_sensor_bridge/lib/pipe_sensor_bridge/maintenance.sh
[8.349s] -- Up-to-date: /home/arka/aqua_sentinel/ros2_ws/install/pipe_sensor_bridge/share/pipe_sensor_bridge/scripts/test_valve_control.sh
[8.349s] -- Up-to-date: /home/arka/aqua_sentinel/ros2_ws/install/pipe_sensor_bridge/share/pipe_sensor_bridge/scripts/monitor_sensors.sh
[8.349s] -- Up-to-date: /home/arka/aqua_sentinel/ros2_ws/install/pipe_sensor_bridge/share/pipe_sensor_bridge/scripts/maintenance.sh
[8.350s] -- Up-to-date: /home/arka/aqua_sentinel/ros2_ws/install/pipe_sensor_bridge/share/ament_index/resource_index/package_run_dependencies/pipe_sensor_bridge
[8.350s] -- Up-to-date: /home/arka/aqua_sentinel/ros2_ws/install/pipe_sensor_bridge/share/ament_index/resource_index/parent_prefix_path/pipe_sensor_bridge
[8.352s] -- Up-to-date: /home/arka/aqua_sentinel/ros2_ws/install/pipe_sensor_bridge/share/pipe_sensor_bridge/environment/ament_prefix_path.sh
[8.352s] -- Installing: /home/arka/aqua_sentinel/ros2_ws/install/pipe_sensor_bridge/share/pipe_sensor_bridge/environment/ament_prefix_path.dsv
[8.352s] -- Up-to-date: /home/arka/aqua_sentinel/ros2_ws/install/pipe_sensor_bridge/share/pipe_sensor_bridge/environment/path.sh
[8.353s] -- Installing: /home/arka/aqua_sentinel/ros2_ws/install/pipe_sensor_bridge/share/pipe_sensor_bridge/environment/path.dsv
[8.353s] -- Up-to-date: /home/arka/aqua_sentinel/ros2_ws/install/pipe_sensor_bridge/share/pipe_sensor_bridge/local_setup.bash
[8.353s] -- Up-to-date: /home/arka/aqua_sentinel/ros2_ws/install/pipe_sensor_bridge/share/pipe_sensor_bridge/local_setup.sh
[8.353s] -- Up-to-date: /home/arka/aqua_sentinel/ros2_ws/install/pipe_sensor_bridge/share/pipe_sensor_bridge/local_setup.zsh
[8.353s] -- Installing: /home/arka/aqua_sentinel/ros2_ws/install/pipe_sensor_bridge/share/pipe_sensor_bridge/local_setup.dsv
[8.353s] -- Installing: /home/arka/aqua_sentinel/ros2_ws/install/pipe_sensor_bridge/share/pipe_sensor_bridge/package.dsv
[8.353s] -- Up-to-date: /home/arka/aqua_sentinel/ros2_ws/install/pipe_sensor_bridge/share/ament_index/resource_index/packages/pipe_sensor_bridge
[8.353s] -- Up-to-date: /home/arka/aqua_sentinel/ros2_ws/install/pipe_sensor_bridge/share/pipe_sensor_bridge/cmake/pipe_sensor_bridgeConfig.cmake
[8.353s] -- Up-to-date: /home/arka/aqua_sentinel/ros2_ws/install/pipe_sensor_bridge/share/pipe_sensor_bridge/cmake/pipe_sensor_bridgeConfig-version.cmake
[8.354s] -- Up-to-date: /home/arka/aqua_sentinel/ros2_ws/install/pipe_sensor_bridge/share/pipe_sensor_bridge/package.xml
[8.355s] Invoked command in '/home/arka/aqua_sentinel/ros2_ws/build/pipe_sensor_bridge' returned '0': CMAKE_PREFIX_PATH=${CMAKE_PREFIX_PATH}:/opt/ros/humble /usr/bin/cmake --install /home/arka/aqua_sentinel/ros2_ws/build/pipe_sensor_bridge
