-- The C compiler identification is GNU 11.4.0
-- The CXX compiler identification is GNU 11.4.0
-- Detecting C compiler ABI info
-- Detecting C compiler ABI info - done
-- Check for working C compiler: /usr/bin/cc - skipped
-- Detecting C compile features
-- Detecting C compile features - done
-- Detecting CXX compiler ABI info
-- Detecting CXX compiler ABI info - done
-- Check for working CXX compiler: /usr/bin/c++ - skipped
-- Detecting CXX compile features
-- Detecting CXX compile features - done
-- Found ament_cmake: 1.3.12 (/opt/ros/humble/share/ament_cmake/cmake)
-- Found Python3: /usr/bin/python3 (found version "3.10.13") found components: Interpreter 
-- Found ament_lint_auto: 0.12.14 (/opt/ros/humble/share/ament_lint_auto/cmake)
-- Added test 'lint_cmake' to check CMake code style
-- Added test 'xmllint' to check XML markup files
-- Configuring done
-- Generating done
-- Build files have been written to: /home/arka/aqua_sentinel/ros2_ws/build/aqua_msgs
-- Install configuration: ""
-- Installing: /home/arka/aqua_sentinel/ros2_ws/install/aqua_msgs/share/ament_index/resource_index/package_run_dependencies/aqua_msgs
-- Installing: /home/arka/aqua_sentinel/ros2_ws/install/aqua_msgs/share/ament_index/resource_index/parent_prefix_path/aqua_msgs
-- Installing: /home/arka/aqua_sentinel/ros2_ws/install/aqua_msgs/share/aqua_msgs/environment/ament_prefix_path.sh
-- Installing: /home/arka/aqua_sentinel/ros2_ws/install/aqua_msgs/share/aqua_msgs/environment/ament_prefix_path.dsv
-- Installing: /home/arka/aqua_sentinel/ros2_ws/install/aqua_msgs/share/aqua_msgs/environment/path.sh
-- Installing: /home/arka/aqua_sentinel/ros2_ws/install/aqua_msgs/share/aqua_msgs/environment/path.dsv
-- Installing: /home/arka/aqua_sentinel/ros2_ws/install/aqua_msgs/share/aqua_msgs/local_setup.bash
-- Installing: /home/arka/aqua_sentinel/ros2_ws/install/aqua_msgs/share/aqua_msgs/local_setup.sh
-- Installing: /home/arka/aqua_sentinel/ros2_ws/install/aqua_msgs/share/aqua_msgs/local_setup.zsh
-- Installing: /home/arka/aqua_sentinel/ros2_ws/install/aqua_msgs/share/aqua_msgs/local_setup.dsv
-- Installing: /home/arka/aqua_sentinel/ros2_ws/install/aqua_msgs/share/aqua_msgs/package.dsv
-- Installing: /home/arka/aqua_sentinel/ros2_ws/install/aqua_msgs/share/ament_index/resource_index/packages/aqua_msgs
-- Installing: /home/arka/aqua_sentinel/ros2_ws/install/aqua_msgs/share/aqua_msgs/cmake/aqua_msgsConfig.cmake
-- Installing: /home/arka/aqua_sentinel/ros2_ws/install/aqua_msgs/share/aqua_msgs/cmake/aqua_msgsConfig-version.cmake
-- Installing: /home/arka/aqua_sentinel/ros2_ws/install/aqua_msgs/share/aqua_msgs/package.xml
