[0.010s] Invoking command in '/home/arka/aqua_sentinel/ros2_ws/build/aqua_msgs': CMAKE_PREFIX_PATH=${CMAKE_PREFIX_PATH}:/opt/ros/humble /usr/bin/cmake /home/arka/aqua_sentinel/ros2_ws/src/aqua_msgs -DCMAKE_INSTALL_PREFIX=/home/arka/aqua_sentinel/ros2_ws/install/aqua_msgs
[0.050s] -- The C compiler identification is GNU 11.4.0
[0.089s] -- The CXX compiler identification is GNU 11.4.0
[0.097s] -- Detecting C compiler ABI info
[0.142s] -- Detecting C compiler ABI info - done
[0.149s] -- Check for working C compiler: /usr/bin/cc - skipped
[0.149s] -- Detecting C compile features
[0.149s] -- Detecting C compile features - done
[0.152s] -- Detecting CXX compiler ABI info
[0.203s] -- Detecting CXX compiler ABI info - done
[0.213s] -- Check for working CXX compiler: /usr/bin/c++ - skipped
[0.213s] -- Detecting CXX compile features
[0.213s] -- Detecting CXX compile features - done
[0.216s] -- Found ament_cmake: 1.3.12 (/opt/ros/humble/share/ament_cmake/cmake)
[0.464s] -- Found Python3: /usr/bin/python3 (found version "3.10.13") found components: Interpreter 
[0.551s] -- Found ament_lint_auto: 0.12.14 (/opt/ros/humble/share/ament_lint_auto/cmake)
[0.625s] -- Added test 'lint_cmake' to check CMake code style
[0.626s] -- Added test 'xmllint' to check XML markup files
[0.628s] -- Configuring done
[0.635s] -- Generating done
[0.642s] -- Build files have been written to: /home/arka/aqua_sentinel/ros2_ws/build/aqua_msgs
[0.645s] Invoked command in '/home/arka/aqua_sentinel/ros2_ws/build/aqua_msgs' returned '0': CMAKE_PREFIX_PATH=${CMAKE_PREFIX_PATH}:/opt/ros/humble /usr/bin/cmake /home/arka/aqua_sentinel/ros2_ws/src/aqua_msgs -DCMAKE_INSTALL_PREFIX=/home/arka/aqua_sentinel/ros2_ws/install/aqua_msgs
[0.646s] Invoking command in '/home/arka/aqua_sentinel/ros2_ws/build/aqua_msgs': CMAKE_PREFIX_PATH=${CMAKE_PREFIX_PATH}:/opt/ros/humble /usr/bin/cmake --build /home/arka/aqua_sentinel/ros2_ws/build/aqua_msgs -- -j8 -l8
[0.659s] Invoked command in '/home/arka/aqua_sentinel/ros2_ws/build/aqua_msgs' returned '0': CMAKE_PREFIX_PATH=${CMAKE_PREFIX_PATH}:/opt/ros/humble /usr/bin/cmake --build /home/arka/aqua_sentinel/ros2_ws/build/aqua_msgs -- -j8 -l8
[0.662s] Invoking command in '/home/arka/aqua_sentinel/ros2_ws/build/aqua_msgs': CMAKE_PREFIX_PATH=${CMAKE_PREFIX_PATH}:/opt/ros/humble /usr/bin/cmake --install /home/arka/aqua_sentinel/ros2_ws/build/aqua_msgs
[0.664s] -- Install configuration: ""
[0.664s] -- Installing: /home/arka/aqua_sentinel/ros2_ws/install/aqua_msgs/share/ament_index/resource_index/package_run_dependencies/aqua_msgs
[0.665s] -- Installing: /home/arka/aqua_sentinel/ros2_ws/install/aqua_msgs/share/ament_index/resource_index/parent_prefix_path/aqua_msgs
[0.666s] -- Installing: /home/arka/aqua_sentinel/ros2_ws/install/aqua_msgs/share/aqua_msgs/environment/ament_prefix_path.sh
[0.667s] -- Installing: /home/arka/aqua_sentinel/ros2_ws/install/aqua_msgs/share/aqua_msgs/environment/ament_prefix_path.dsv
[0.667s] -- Installing: /home/arka/aqua_sentinel/ros2_ws/install/aqua_msgs/share/aqua_msgs/environment/path.sh
[0.667s] -- Installing: /home/arka/aqua_sentinel/ros2_ws/install/aqua_msgs/share/aqua_msgs/environment/path.dsv
[0.668s] -- Installing: /home/arka/aqua_sentinel/ros2_ws/install/aqua_msgs/share/aqua_msgs/local_setup.bash
[0.669s] -- Installing: /home/arka/aqua_sentinel/ros2_ws/install/aqua_msgs/share/aqua_msgs/local_setup.sh
[0.669s] -- Installing: /home/arka/aqua_sentinel/ros2_ws/install/aqua_msgs/share/aqua_msgs/local_setup.zsh
[0.669s] -- Installing: /home/arka/aqua_sentinel/ros2_ws/install/aqua_msgs/share/aqua_msgs/local_setup.dsv
[0.669s] -- Installing: /home/arka/aqua_sentinel/ros2_ws/install/aqua_msgs/share/aqua_msgs/package.dsv
[0.669s] -- Installing: /home/arka/aqua_sentinel/ros2_ws/install/aqua_msgs/share/ament_index/resource_index/packages/aqua_msgs
[0.670s] -- Installing: /home/arka/aqua_sentinel/ros2_ws/install/aqua_msgs/share/aqua_msgs/cmake/aqua_msgsConfig.cmake
[0.671s] -- Installing: /home/arka/aqua_sentinel/ros2_ws/install/aqua_msgs/share/aqua_msgs/cmake/aqua_msgsConfig-version.cmake
[0.671s] -- Installing: /home/arka/aqua_sentinel/ros2_ws/install/aqua_msgs/share/aqua_msgs/package.xml
[0.672s] Invoked command in '/home/arka/aqua_sentinel/ros2_ws/build/aqua_msgs' returned '0': CMAKE_PREFIX_PATH=${CMAKE_PREFIX_PATH}:/opt/ros/humble /usr/bin/cmake --install /home/arka/aqua_sentinel/ros2_ws/build/aqua_msgs
