running egg_info
creating ../../build/rl_controller/rl_controller.egg-info
writing ../../build/rl_controller/rl_controller.egg-info/PKG-INFO
writing dependency_links to ../../build/rl_controller/rl_controller.egg-info/dependency_links.txt
writing requirements to ../../build/rl_controller/rl_controller.egg-info/requires.txt
writing top-level names to ../../build/rl_controller/rl_controller.egg-info/top_level.txt
writing manifest file '../../build/rl_controller/rl_controller.egg-info/SOURCES.txt'
reading manifest file '../../build/rl_controller/rl_controller.egg-info/SOURCES.txt'
writing manifest file '../../build/rl_controller/rl_controller.egg-info/SOURCES.txt'
running build
running build_py
creating /home/arka/aqua_sentinel/ros2_ws/build/rl_controller/build/lib/rl_controller
copying rl_controller/__init__.py -> /home/arka/aqua_sentinel/ros2_ws/build/rl_controller/build/lib/rl_controller
running install
running install_lib
creating /home/arka/aqua_sentinel/ros2_ws/install/rl_controller/lib/python3.10/site-packages/rl_controller
copying /home/arka/aqua_sentinel/ros2_ws/build/rl_controller/build/lib/rl_controller/__init__.py -> /home/arka/aqua_sentinel/ros2_ws/install/rl_controller/lib/python3.10/site-packages/rl_controller
byte-compiling /home/arka/aqua_sentinel/ros2_ws/install/rl_controller/lib/python3.10/site-packages/rl_controller/__init__.py to __init__.cpython-310.pyc
running install_data
creating /home/arka/aqua_sentinel/ros2_ws/install/rl_controller/share/ament_index/resource_index/packages
copying resource/rl_controller -> /home/arka/aqua_sentinel/ros2_ws/install/rl_controller/share/ament_index/resource_index/packages
copying package.xml -> /home/arka/aqua_sentinel/ros2_ws/install/rl_controller/share/rl_controller
running install_egg_info
Copying ../../build/rl_controller/rl_controller.egg-info to /home/arka/aqua_sentinel/ros2_ws/install/rl_controller/lib/python3.10/site-packages/rl_controller-0.0.0-py3.10.egg-info
running install_scripts
writing list of installed files to '/home/arka/aqua_sentinel/ros2_ws/build/rl_controller/install.log'
