[0.530s] Invoking command in '/home/arka/aqua_sentinel/ros2_ws/src/rl_controller': AMENT_PREFIX_PATH=/home/arka/aqua_sentinel/ros2_ws/install/aqua_msgs:${AMENT_PREFIX_PATH} CMAKE_PREFIX_PATH=/home/arka/aqua_sentinel/ros2_ws/install/aqua_msgs:${CMAKE_PREFIX_PATH} PYTHONPATH=/home/arka/aqua_sentinel/ros2_ws/build/rl_controller/prefix_override:/usr/lib/python3/dist-packages/colcon_core/task/python/colcon_distutils_commands:/home/arka/aqua_sentinel/ros2_ws/install/rl_controller/lib/python3.10/site-packages:${PYTHONPATH} /usr/bin/python3 -W ignore:setup.py install is deprecated -W ignore:easy_install command is deprecated setup.py egg_info --egg-base ../../build/rl_controller build --build-base /home/arka/aqua_sentinel/ros2_ws/build/rl_controller/build install --record /home/arka/aqua_sentinel/ros2_ws/build/rl_controller/install.log --single-version-externally-managed install_data
[0.707s] running egg_info
[0.718s] creating ../../build/rl_controller/rl_controller.egg-info
[0.718s] writing ../../build/rl_controller/rl_controller.egg-info/PKG-INFO
[0.719s] writing dependency_links to ../../build/rl_controller/rl_controller.egg-info/dependency_links.txt
[0.719s] writing requirements to ../../build/rl_controller/rl_controller.egg-info/requires.txt
[0.720s] writing top-level names to ../../build/rl_controller/rl_controller.egg-info/top_level.txt
[0.720s] writing manifest file '../../build/rl_controller/rl_controller.egg-info/SOURCES.txt'
[0.744s] reading manifest file '../../build/rl_controller/rl_controller.egg-info/SOURCES.txt'
[0.745s] writing manifest file '../../build/rl_controller/rl_controller.egg-info/SOURCES.txt'
[0.745s] running build
[0.745s] running build_py
[0.746s] creating /home/arka/aqua_sentinel/ros2_ws/build/rl_controller/build/lib/rl_controller
[0.746s] copying rl_controller/__init__.py -> /home/arka/aqua_sentinel/ros2_ws/build/rl_controller/build/lib/rl_controller
[0.746s] running install
[0.749s] running install_lib
[0.761s] creating /home/arka/aqua_sentinel/ros2_ws/install/rl_controller/lib/python3.10/site-packages/rl_controller
[0.761s] copying /home/arka/aqua_sentinel/ros2_ws/build/rl_controller/build/lib/rl_controller/__init__.py -> /home/arka/aqua_sentinel/ros2_ws/install/rl_controller/lib/python3.10/site-packages/rl_controller
[0.761s] byte-compiling /home/arka/aqua_sentinel/ros2_ws/install/rl_controller/lib/python3.10/site-packages/rl_controller/__init__.py to __init__.cpython-310.pyc
[0.762s] running install_data
[0.762s] creating /home/arka/aqua_sentinel/ros2_ws/install/rl_controller/share/ament_index/resource_index/packages
[0.762s] copying resource/rl_controller -> /home/arka/aqua_sentinel/ros2_ws/install/rl_controller/share/ament_index/resource_index/packages
[0.762s] copying package.xml -> /home/arka/aqua_sentinel/ros2_ws/install/rl_controller/share/rl_controller
[0.762s] running install_egg_info
[0.775s] Copying ../../build/rl_controller/rl_controller.egg-info to /home/arka/aqua_sentinel/ros2_ws/install/rl_controller/lib/python3.10/site-packages/rl_controller-0.0.0-py3.10.egg-info
[0.778s] running install_scripts
[0.803s] writing list of installed files to '/home/arka/aqua_sentinel/ros2_ws/build/rl_controller/install.log'
[0.820s] Invoked command in '/home/arka/aqua_sentinel/ros2_ws/src/rl_controller' returned '0': AMENT_PREFIX_PATH=/home/arka/aqua_sentinel/ros2_ws/install/aqua_msgs:${AMENT_PREFIX_PATH} CMAKE_PREFIX_PATH=/home/arka/aqua_sentinel/ros2_ws/install/aqua_msgs:${CMAKE_PREFIX_PATH} PYTHONPATH=/home/arka/aqua_sentinel/ros2_ws/build/rl_controller/prefix_override:/usr/lib/python3/dist-packages/colcon_core/task/python/colcon_distutils_commands:/home/arka/aqua_sentinel/ros2_ws/install/rl_controller/lib/python3.10/site-packages:${PYTHONPATH} /usr/bin/python3 -W ignore:setup.py install is deprecated -W ignore:easy_install command is deprecated setup.py egg_info --egg-base ../../build/rl_controller build --build-base /home/arka/aqua_sentinel/ros2_ws/build/rl_controller/build install --record /home/arka/aqua_sentinel/ros2_ws/build/rl_controller/install.log --single-version-externally-managed install_data
