[0.558s] Invoking command in '/home/arka/aqua_sentinel/ros2_ws/src/rl_controller': AMENT_PREFIX_PATH=/home/arka/aqua_sentinel/ros2_ws/install/aqua_msgs:${AMENT_PREFIX_PATH} CMAKE_PREFIX_PATH=/home/arka/aqua_sentinel/ros2_ws/install/aqua_msgs:${CMAKE_PREFIX_PATH} PYTHONPATH=/home/arka/aqua_sentinel/ros2_ws/build/rl_controller/prefix_override:/usr/lib/python3/dist-packages/colcon_core/task/python/colcon_distutils_commands:/home/arka/aqua_sentinel/ros2_ws/install/rl_controller/lib/python3.10/site-packages:${PYTHONPATH} /usr/bin/python3 -W ignore:setup.py install is deprecated -W ignore:easy_install command is deprecated setup.py egg_info --egg-base ../../build/rl_controller build --build-base /home/arka/aqua_sentinel/ros2_ws/build/rl_controller/build install --record /home/arka/aqua_sentinel/ros2_ws/build/rl_controller/install.log --single-version-externally-managed install_data
[0.734s] running egg_info
[0.734s] writing ../../build/rl_controller/rl_controller.egg-info/PKG-INFO
[0.735s] writing dependency_links to ../../build/rl_controller/rl_controller.egg-info/dependency_links.txt
[0.735s] writing entry points to ../../build/rl_controller/rl_controller.egg-info/entry_points.txt
[0.735s] writing requirements to ../../build/rl_controller/rl_controller.egg-info/requires.txt
[0.736s] writing top-level names to ../../build/rl_controller/rl_controller.egg-info/top_level.txt
[0.737s] reading manifest file '../../build/rl_controller/rl_controller.egg-info/SOURCES.txt'
[0.738s] writing manifest file '../../build/rl_controller/rl_controller.egg-info/SOURCES.txt'
[0.738s] running build
[0.738s] running build_py
[0.738s] running install
[0.738s] running install_lib
[0.739s] running install_data
[0.739s] running install_egg_info
[0.740s] removing '/home/arka/aqua_sentinel/ros2_ws/install/rl_controller/lib/python3.10/site-packages/rl_controller-0.0.0-py3.10.egg-info' (and everything under it)
[0.741s] Copying ../../build/rl_controller/rl_controller.egg-info to /home/arka/aqua_sentinel/ros2_ws/install/rl_controller/lib/python3.10/site-packages/rl_controller-0.0.0-py3.10.egg-info
[0.743s] running install_scripts
[0.757s] writing list of installed files to '/home/arka/aqua_sentinel/ros2_ws/build/rl_controller/install.log'
[0.775s] Invoked command in '/home/arka/aqua_sentinel/ros2_ws/src/rl_controller' returned '0': AMENT_PREFIX_PATH=/home/arka/aqua_sentinel/ros2_ws/install/aqua_msgs:${AMENT_PREFIX_PATH} CMAKE_PREFIX_PATH=/home/arka/aqua_sentinel/ros2_ws/install/aqua_msgs:${CMAKE_PREFIX_PATH} PYTHONPATH=/home/arka/aqua_sentinel/ros2_ws/build/rl_controller/prefix_override:/usr/lib/python3/dist-packages/colcon_core/task/python/colcon_distutils_commands:/home/arka/aqua_sentinel/ros2_ws/install/rl_controller/lib/python3.10/site-packages:${PYTHONPATH} /usr/bin/python3 -W ignore:setup.py install is deprecated -W ignore:easy_install command is deprecated setup.py egg_info --egg-base ../../build/rl_controller build --build-base /home/arka/aqua_sentinel/ros2_ws/build/rl_controller/build install --record /home/arka/aqua_sentinel/ros2_ws/build/rl_controller/install.log --single-version-externally-managed install_data
