[0.469s] Invoking command in '/home/arka/aqua_sentinel/ros2_ws/src/controller': PYTHONPATH=/home/arka/aqua_sentinel/ros2_ws/build/controller/prefix_override:/usr/lib/python3/dist-packages/colcon_core/task/python/colcon_distutils_commands:/home/arka/aqua_sentinel/ros2_ws/install/controller/lib/python3.10/site-packages:${PYTHONPATH} /usr/bin/python3 -W ignore:setup.py install is deprecated -W ignore:easy_install command is deprecated setup.py egg_info --egg-base ../../build/controller build --build-base /home/arka/aqua_sentinel/ros2_ws/build/controller/build install --record /home/arka/aqua_sentinel/ros2_ws/build/controller/install.log --single-version-externally-managed install_data
[0.642s] running egg_info
[0.643s] writing ../../build/controller/controller.egg-info/PKG-INFO
[0.643s] writing dependency_links to ../../build/controller/controller.egg-info/dependency_links.txt
[0.643s] writing entry points to ../../build/controller/controller.egg-info/entry_points.txt
[0.643s] writing requirements to ../../build/controller/controller.egg-info/requires.txt
[0.643s] writing top-level names to ../../build/controller/controller.egg-info/top_level.txt
[0.644s] reading manifest file '../../build/controller/controller.egg-info/SOURCES.txt'
[0.645s] writing manifest file '../../build/controller/controller.egg-info/SOURCES.txt'
[0.645s] running build
[0.645s] running build_py
[0.645s] copying controller/network_rl.py -> /home/arka/aqua_sentinel/ros2_ws/build/controller/build/lib/controller
[0.645s] running install
[0.645s] running install_lib
[0.646s] copying /home/arka/aqua_sentinel/ros2_ws/build/controller/build/lib/controller/network_rl.py -> /home/arka/aqua_sentinel/ros2_ws/install/controller/lib/python3.10/site-packages/controller
[0.646s] byte-compiling /home/arka/aqua_sentinel/ros2_ws/install/controller/lib/python3.10/site-packages/controller/network_rl.py to network_rl.cpython-310.pyc
[0.656s] running install_data
[0.656s] running install_egg_info
[0.657s] removing '/home/arka/aqua_sentinel/ros2_ws/install/controller/lib/python3.10/site-packages/controller-0.0.1-py3.10.egg-info' (and everything under it)
[0.657s] Copying ../../build/controller/controller.egg-info to /home/arka/aqua_sentinel/ros2_ws/install/controller/lib/python3.10/site-packages/controller-0.0.1-py3.10.egg-info
[0.657s] running install_scripts
[0.671s] Installing controller script to /home/arka/aqua_sentinel/ros2_ws/install/controller/lib/controller
[0.671s] Installing rl_agent script to /home/arka/aqua_sentinel/ros2_ws/install/controller/lib/controller
[0.671s] writing list of installed files to '/home/arka/aqua_sentinel/ros2_ws/build/controller/install.log'
[0.687s] Invoked command in '/home/arka/aqua_sentinel/ros2_ws/src/controller' returned '0': PYTHONPATH=/home/arka/aqua_sentinel/ros2_ws/build/controller/prefix_override:/usr/lib/python3/dist-packages/colcon_core/task/python/colcon_distutils_commands:/home/arka/aqua_sentinel/ros2_ws/install/controller/lib/python3.10/site-packages:${PYTHONPATH} /usr/bin/python3 -W ignore:setup.py install is deprecated -W ignore:easy_install command is deprecated setup.py egg_info --egg-base ../../build/controller build --build-base /home/arka/aqua_sentinel/ros2_ws/build/controller/build install --record /home/arka/aqua_sentinel/ros2_ws/build/controller/install.log --single-version-externally-managed install_data
