running egg_info
creating ../../build/controller/controller.egg-info
writing ../../build/controller/controller.egg-info/PKG-INFO
writing dependency_links to ../../build/controller/controller.egg-info/dependency_links.txt
writing entry points to ../../build/controller/controller.egg-info/entry_points.txt
writing requirements to ../../build/controller/controller.egg-info/requires.txt
writing top-level names to ../../build/controller/controller.egg-info/top_level.txt
writing manifest file '../../build/controller/controller.egg-info/SOURCES.txt'
package init file 'controller/__init__.py' not found (or not a regular file)
reading manifest file '../../build/controller/controller.egg-info/SOURCES.txt'
writing manifest file '../../build/controller/controller.egg-info/SOURCES.txt'
running build
running build_py
creating /home/arka/aqua_sentinel/ros2_ws/build/controller/build
creating /home/arka/aqua_sentinel/ros2_ws/build/controller/build/lib
creating /home/arka/aqua_sentinel/ros2_ws/build/controller/build/lib/controller
copying controller/controller.py -> /home/arka/aqua_sentinel/ros2_ws/build/controller/build/lib/controller
running install
running install_lib
creating /home/arka/aqua_sentinel/ros2_ws/install/controller/lib/python3.10/site-packages/controller
copying /home/arka/aqua_sentinel/ros2_ws/build/controller/build/lib/controller/controller.py -> /home/arka/aqua_sentinel/ros2_ws/install/controller/lib/python3.10/site-packages/controller
byte-compiling /home/arka/aqua_sentinel/ros2_ws/install/controller/lib/python3.10/site-packages/controller/controller.py to controller.cpython-310.pyc
running install_data
creating /home/arka/aqua_sentinel/ros2_ws/install/controller/share/ament_index
creating /home/arka/aqua_sentinel/ros2_ws/install/controller/share/ament_index/resource_index
creating /home/arka/aqua_sentinel/ros2_ws/install/controller/share/ament_index/resource_index/packages
copying resource/controller -> /home/arka/aqua_sentinel/ros2_ws/install/controller/share/ament_index/resource_index/packages
copying package.xml -> /home/arka/aqua_sentinel/ros2_ws/install/controller/share/controller
creating /home/arka/aqua_sentinel/ros2_ws/install/controller/share/controller/launch
copying launch/control.launch.py -> /home/arka/aqua_sentinel/ros2_ws/install/controller/share/controller/launch
creating /home/arka/aqua_sentinel/ros2_ws/install/controller/share/controller/config
running install_egg_info
Copying ../../build/controller/controller.egg-info to /home/arka/aqua_sentinel/ros2_ws/install/controller/lib/python3.10/site-packages/controller-0.0.1-py3.10.egg-info
running install_scripts
Installing controller script to /home/arka/aqua_sentinel/ros2_ws/install/controller/lib/controller
writing list of installed files to '/home/arka/aqua_sentinel/ros2_ws/build/controller/install.log'
