[0.500s] Invoking command in '/home/arka/aqua_sentinel/ros2_ws/src/controller': PYTHONPATH=/home/arka/aqua_sentinel/ros2_ws/build/controller/prefix_override:/usr/lib/python3/dist-packages/colcon_core/task/python/colcon_distutils_commands:/home/arka/aqua_sentinel/ros2_ws/install/controller/lib/python3.10/site-packages:${PYTHONPATH} /usr/bin/python3 -W ignore:setup.py install is deprecated -W ignore:easy_install command is deprecated setup.py egg_info --egg-base ../../build/controller build --build-base /home/arka/aqua_sentinel/ros2_ws/build/controller/build install --record /home/arka/aqua_sentinel/ros2_ws/build/controller/install.log --single-version-externally-managed install_data
[0.650s] running egg_info
[0.650s] creating ../../build/controller/controller.egg-info
[0.650s] writing ../../build/controller/controller.egg-info/PKG-INFO
[0.650s] writing dependency_links to ../../build/controller/controller.egg-info/dependency_links.txt
[0.651s] writing entry points to ../../build/controller/controller.egg-info/entry_points.txt
[0.651s] writing requirements to ../../build/controller/controller.egg-info/requires.txt
[0.651s] writing top-level names to ../../build/controller/controller.egg-info/top_level.txt
[0.651s] writing manifest file '../../build/controller/controller.egg-info/SOURCES.txt'
[0.652s] package init file 'controller/__init__.py' not found (or not a regular file)
[0.652s] reading manifest file '../../build/controller/controller.egg-info/SOURCES.txt'
[0.652s] writing manifest file '../../build/controller/controller.egg-info/SOURCES.txt'
[0.652s] running build
[0.652s] running build_py
[0.652s] creating /home/arka/aqua_sentinel/ros2_ws/build/controller/build
[0.652s] creating /home/arka/aqua_sentinel/ros2_ws/build/controller/build/lib
[0.652s] creating /home/arka/aqua_sentinel/ros2_ws/build/controller/build/lib/controller
[0.653s] copying controller/controller.py -> /home/arka/aqua_sentinel/ros2_ws/build/controller/build/lib/controller
[0.653s] running install
[0.653s] running install_lib
[0.653s] creating /home/arka/aqua_sentinel/ros2_ws/install/controller/lib/python3.10/site-packages/controller
[0.653s] copying /home/arka/aqua_sentinel/ros2_ws/build/controller/build/lib/controller/controller.py -> /home/arka/aqua_sentinel/ros2_ws/install/controller/lib/python3.10/site-packages/controller
[0.656s] byte-compiling /home/arka/aqua_sentinel/ros2_ws/install/controller/lib/python3.10/site-packages/controller/controller.py to controller.cpython-310.pyc
[0.659s] running install_data
[0.659s] creating /home/arka/aqua_sentinel/ros2_ws/install/controller/share/ament_index
[0.659s] creating /home/arka/aqua_sentinel/ros2_ws/install/controller/share/ament_index/resource_index
[0.659s] creating /home/arka/aqua_sentinel/ros2_ws/install/controller/share/ament_index/resource_index/packages
[0.659s] copying resource/controller -> /home/arka/aqua_sentinel/ros2_ws/install/controller/share/ament_index/resource_index/packages
[0.659s] copying package.xml -> /home/arka/aqua_sentinel/ros2_ws/install/controller/share/controller
[0.659s] creating /home/arka/aqua_sentinel/ros2_ws/install/controller/share/controller/launch
[0.659s] copying launch/control.launch.py -> /home/arka/aqua_sentinel/ros2_ws/install/controller/share/controller/launch
[0.659s] creating /home/arka/aqua_sentinel/ros2_ws/install/controller/share/controller/config
[0.659s] running install_egg_info
[0.660s] Copying ../../build/controller/controller.egg-info to /home/arka/aqua_sentinel/ros2_ws/install/controller/lib/python3.10/site-packages/controller-0.0.1-py3.10.egg-info
[0.661s] running install_scripts
[0.673s] Installing controller script to /home/arka/aqua_sentinel/ros2_ws/install/controller/lib/controller
[0.674s] writing list of installed files to '/home/arka/aqua_sentinel/ros2_ws/build/controller/install.log'
[0.688s] Invoked command in '/home/arka/aqua_sentinel/ros2_ws/src/controller' returned '0': PYTHONPATH=/home/arka/aqua_sentinel/ros2_ws/build/controller/prefix_override:/usr/lib/python3/dist-packages/colcon_core/task/python/colcon_distutils_commands:/home/arka/aqua_sentinel/ros2_ws/install/controller/lib/python3.10/site-packages:${PYTHONPATH} /usr/bin/python3 -W ignore:setup.py install is deprecated -W ignore:easy_install command is deprecated setup.py egg_info --egg-base ../../build/controller build --build-base /home/arka/aqua_sentinel/ros2_ws/build/controller/build install --record /home/arka/aqua_sentinel/ros2_ws/build/controller/install.log --single-version-externally-managed install_data
