[0.186s] DEBUG:colcon:Command line arguments: ['/usr/bin/colcon', 'build', '--packages-select', 'pipe_sensor_bridge']
[0.186s] DEBUG:colcon:Parsed command line arguments: Namespace(log_base=None, log_level=None, verb_name='build', build_base='build', install_base='install', merge_install=False, symlink_install=False, test_result_base=None, continue_on_error=False, executor='parallel', parallel_workers=8, event_handlers=None, ignore_user_meta=False, metas=['./colcon.meta'], base_paths=['.'], packages_ignore=None, packages_ignore_regex=None, paths=None, packages_up_to=None, packages_up_to_regex=None, packages_above=None, packages_above_and_dependencies=None, packages_above_depth=None, packages_select_by_dep=None, packages_skip_by_dep=None, packages_skip_up_to=None, packages_select_build_failed=False, packages_skip_build_finished=False, packages_select_test_failures=False, packages_skip_test_passed=False, packages_select=['pipe_sensor_bridge'], packages_skip=None, packages_select_regex=None, packages_skip_regex=None, packages_start=None, packages_end=None, allow_overriding=[], cmake_args=None, cmake_target=None, cmake_target_skip_unavailable=False, cmake_clean_cache=False, cmake_clean_first=False, cmake_force_configure=False, ament_cmake_args=None, catkin_cmake_args=None, catkin_skip_building_tests=False, mixin_files=None, mixin=None, verb_parser=<colcon_mixin.mixin.mixin_argument.MixinArgumentDecorator object at 0x7542648f3a60>, verb_extension=<colcon_core.verb.build.BuildVerb object at 0x754264a949d0>, main=<bound method BuildVerb.main of <colcon_core.verb.build.BuildVerb object at 0x754264a949d0>>, mixin_verb=('build',))
[0.366s] Level 1:colcon.colcon_core.package_discovery:discover_packages(colcon_meta) check parameters
[0.366s] Level 1:colcon.colcon_core.package_discovery:discover_packages(recursive) check parameters
[0.366s] Level 1:colcon.colcon_core.package_discovery:discover_packages(ignore) check parameters
[0.366s] Level 1:colcon.colcon_core.package_discovery:discover_packages(path) check parameters
[0.366s] Level 1:colcon.colcon_core.package_discovery:discover_packages(colcon_meta) discover
[0.366s] Level 1:colcon.colcon_core.package_discovery:discover_packages(recursive) discover
[0.366s] INFO:colcon.colcon_core.package_discovery:Crawling recursively for packages in '/home/arka/aqua_sentinel/ros2_ws'
[0.366s] Level 1:colcon.colcon_core.package_identification:_identify(.) by extensions ['ignore', 'ignore_ament_install']
[0.366s] Level 1:colcon.colcon_core.package_identification:_identify(.) by extension 'ignore'
[0.366s] Level 1:colcon.colcon_core.package_identification:_identify(.) by extension 'ignore_ament_install'
[0.366s] Level 1:colcon.colcon_core.package_identification:_identify(.) by extensions ['colcon_pkg']
[0.366s] Level 1:colcon.colcon_core.package_identification:_identify(.) by extension 'colcon_pkg'
[0.366s] Level 1:colcon.colcon_core.package_identification:_identify(.) by extensions ['colcon_meta']
[0.366s] Level 1:colcon.colcon_core.package_identification:_identify(.) by extension 'colcon_meta'
[0.366s] Level 1:colcon.colcon_core.package_identification:_identify(.) by extensions ['ros']
[0.366s] Level 1:colcon.colcon_core.package_identification:_identify(.) by extension 'ros'
[0.377s] Level 1:colcon.colcon_core.package_identification:_identify(.) by extensions ['cmake', 'python']
[0.377s] Level 1:colcon.colcon_core.package_identification:_identify(.) by extension 'cmake'
[0.377s] Level 1:colcon.colcon_core.package_identification:_identify(.) by extension 'python'
[0.377s] Level 1:colcon.colcon_core.package_identification:_identify(.) by extensions ['python_setup_py']
[0.377s] Level 1:colcon.colcon_core.package_identification:_identify(.) by extension 'python_setup_py'
[0.377s] Level 1:colcon.colcon_core.package_identification:_identify(build) by extensions ['ignore', 'ignore_ament_install']
[0.377s] Level 1:colcon.colcon_core.package_identification:_identify(build) by extension 'ignore'
[0.377s] Level 1:colcon.colcon_core.package_identification:_identify(build) ignored
[0.378s] Level 1:colcon.colcon_core.package_identification:_identify(install) by extensions ['ignore', 'ignore_ament_install']
[0.378s] Level 1:colcon.colcon_core.package_identification:_identify(install) by extension 'ignore'
[0.378s] Level 1:colcon.colcon_core.package_identification:_identify(install) ignored
[0.378s] Level 1:colcon.colcon_core.package_identification:_identify(log) by extensions ['ignore', 'ignore_ament_install']
[0.378s] Level 1:colcon.colcon_core.package_identification:_identify(log) by extension 'ignore'
[0.378s] Level 1:colcon.colcon_core.package_identification:_identify(log) ignored
[0.378s] Level 1:colcon.colcon_core.package_identification:_identify(src) by extensions ['ignore', 'ignore_ament_install']
[0.378s] Level 1:colcon.colcon_core.package_identification:_identify(src) by extension 'ignore'
[0.378s] Level 1:colcon.colcon_core.package_identification:_identify(src) by extension 'ignore_ament_install'
[0.378s] Level 1:colcon.colcon_core.package_identification:_identify(src) by extensions ['colcon_pkg']
[0.378s] Level 1:colcon.colcon_core.package_identification:_identify(src) by extension 'colcon_pkg'
[0.378s] Level 1:colcon.colcon_core.package_identification:_identify(src) by extensions ['colcon_meta']
[0.378s] Level 1:colcon.colcon_core.package_identification:_identify(src) by extension 'colcon_meta'
[0.378s] Level 1:colcon.colcon_core.package_identification:_identify(src) by extensions ['ros']
[0.378s] Level 1:colcon.colcon_core.package_identification:_identify(src) by extension 'ros'
[0.378s] Level 1:colcon.colcon_core.package_identification:_identify(src) by extensions ['cmake', 'python']
[0.378s] Level 1:colcon.colcon_core.package_identification:_identify(src) by extension 'cmake'
[0.378s] Level 1:colcon.colcon_core.package_identification:_identify(src) by extension 'python'
[0.378s] Level 1:colcon.colcon_core.package_identification:_identify(src) by extensions ['python_setup_py']
[0.378s] Level 1:colcon.colcon_core.package_identification:_identify(src) by extension 'python_setup_py'
[0.379s] Level 1:colcon.colcon_core.package_identification:_identify(src/aqua_msgs) by extensions ['ignore', 'ignore_ament_install']
[0.379s] Level 1:colcon.colcon_core.package_identification:_identify(src/aqua_msgs) by extension 'ignore'
[0.379s] Level 1:colcon.colcon_core.package_identification:_identify(src/aqua_msgs) by extension 'ignore_ament_install'
[0.379s] Level 1:colcon.colcon_core.package_identification:_identify(src/aqua_msgs) by extensions ['colcon_pkg']
[0.379s] Level 1:colcon.colcon_core.package_identification:_identify(src/aqua_msgs) by extension 'colcon_pkg'
[0.379s] Level 1:colcon.colcon_core.package_identification:_identify(src/aqua_msgs) by extensions ['colcon_meta']
[0.379s] Level 1:colcon.colcon_core.package_identification:_identify(src/aqua_msgs) by extension 'colcon_meta'
[0.379s] Level 1:colcon.colcon_core.package_identification:_identify(src/aqua_msgs) by extensions ['ros']
[0.379s] Level 1:colcon.colcon_core.package_identification:_identify(src/aqua_msgs) by extension 'ros'
[0.381s] DEBUG:colcon.colcon_core.package_identification:Package 'src/aqua_msgs' with type 'ros.ament_cmake' and name 'aqua_msgs'
[0.382s] Level 1:colcon.colcon_core.package_identification:_identify(src/mqtt_leak_bridge) by extensions ['ignore', 'ignore_ament_install']
[0.382s] Level 1:colcon.colcon_core.package_identification:_identify(src/mqtt_leak_bridge) by extension 'ignore'
[0.382s] Level 1:colcon.colcon_core.package_identification:_identify(src/mqtt_leak_bridge) by extension 'ignore_ament_install'
[0.382s] Level 1:colcon.colcon_core.package_identification:_identify(src/mqtt_leak_bridge) by extensions ['colcon_pkg']
[0.382s] Level 1:colcon.colcon_core.package_identification:_identify(src/mqtt_leak_bridge) by extension 'colcon_pkg'
[0.382s] Level 1:colcon.colcon_core.package_identification:_identify(src/mqtt_leak_bridge) by extensions ['colcon_meta']
[0.382s] Level 1:colcon.colcon_core.package_identification:_identify(src/mqtt_leak_bridge) by extension 'colcon_meta'
[0.382s] Level 1:colcon.colcon_core.package_identification:_identify(src/mqtt_leak_bridge) by extensions ['ros']
[0.382s] Level 1:colcon.colcon_core.package_identification:_identify(src/mqtt_leak_bridge) by extension 'ros'
[0.383s] DEBUG:colcon.colcon_core.package_identification:Package 'src/mqtt_leak_bridge' with type 'ros.ament_cmake' and name 'mqtt_leak_bridge'
[0.383s] Level 1:colcon.colcon_core.package_identification:_identify(src/pipe_sensor_bridge) by extensions ['ignore', 'ignore_ament_install']
[0.383s] Level 1:colcon.colcon_core.package_identification:_identify(src/pipe_sensor_bridge) by extension 'ignore'
[0.383s] Level 1:colcon.colcon_core.package_identification:_identify(src/pipe_sensor_bridge) by extension 'ignore_ament_install'
[0.383s] Level 1:colcon.colcon_core.package_identification:_identify(src/pipe_sensor_bridge) by extensions ['colcon_pkg']
[0.383s] Level 1:colcon.colcon_core.package_identification:_identify(src/pipe_sensor_bridge) by extension 'colcon_pkg'
[0.383s] Level 1:colcon.colcon_core.package_identification:_identify(src/pipe_sensor_bridge) by extensions ['colcon_meta']
[0.383s] Level 1:colcon.colcon_core.package_identification:_identify(src/pipe_sensor_bridge) by extension 'colcon_meta'
[0.383s] Level 1:colcon.colcon_core.package_identification:_identify(src/pipe_sensor_bridge) by extensions ['ros']
[0.383s] Level 1:colcon.colcon_core.package_identification:_identify(src/pipe_sensor_bridge) by extension 'ros'
[0.383s] DEBUG:colcon.colcon_core.package_identification:Package 'src/pipe_sensor_bridge' with type 'ros.ament_cmake' and name 'pipe_sensor_bridge'
[0.384s] Level 1:colcon.colcon_core.package_identification:_identify(src/rl_controller) by extensions ['ignore', 'ignore_ament_install']
[0.384s] Level 1:colcon.colcon_core.package_identification:_identify(src/rl_controller) by extension 'ignore'
[0.384s] Level 1:colcon.colcon_core.package_identification:_identify(src/rl_controller) by extension 'ignore_ament_install'
[0.384s] Level 1:colcon.colcon_core.package_identification:_identify(src/rl_controller) by extensions ['colcon_pkg']
[0.384s] Level 1:colcon.colcon_core.package_identification:_identify(src/rl_controller) by extension 'colcon_pkg'
[0.384s] Level 1:colcon.colcon_core.package_identification:_identify(src/rl_controller) by extensions ['colcon_meta']
[0.384s] Level 1:colcon.colcon_core.package_identification:_identify(src/rl_controller) by extension 'colcon_meta'
[0.384s] Level 1:colcon.colcon_core.package_identification:_identify(src/rl_controller) by extensions ['ros']
[0.384s] Level 1:colcon.colcon_core.package_identification:_identify(src/rl_controller) by extension 'ros'
[0.384s] DEBUG:colcon.colcon_core.package_identification:Package 'src/rl_controller' with type 'ros.ament_python' and name 'rl_controller'
[0.385s] Level 1:colcon.colcon_core.package_identification:_identify(src/sim_bridge) by extensions ['ignore', 'ignore_ament_install']
[0.385s] Level 1:colcon.colcon_core.package_identification:_identify(src/sim_bridge) by extension 'ignore'
[0.385s] Level 1:colcon.colcon_core.package_identification:_identify(src/sim_bridge) by extension 'ignore_ament_install'
[0.385s] Level 1:colcon.colcon_core.package_identification:_identify(src/sim_bridge) by extensions ['colcon_pkg']
[0.385s] Level 1:colcon.colcon_core.package_identification:_identify(src/sim_bridge) by extension 'colcon_pkg'
[0.385s] Level 1:colcon.colcon_core.package_identification:_identify(src/sim_bridge) by extensions ['colcon_meta']
[0.385s] Level 1:colcon.colcon_core.package_identification:_identify(src/sim_bridge) by extension 'colcon_meta'
[0.385s] Level 1:colcon.colcon_core.package_identification:_identify(src/sim_bridge) by extensions ['ros']
[0.385s] Level 1:colcon.colcon_core.package_identification:_identify(src/sim_bridge) by extension 'ros'
[0.385s] DEBUG:colcon.colcon_core.package_identification:Package 'src/sim_bridge' with type 'ros.ament_cmake' and name 'sim_bridge'
[0.386s] Level 1:colcon.colcon_core.package_discovery:discover_packages(recursive) using defaults
[0.386s] Level 1:colcon.colcon_core.package_discovery:discover_packages(ignore) discover
[0.386s] Level 1:colcon.colcon_core.package_discovery:discover_packages(ignore) using defaults
[0.386s] Level 1:colcon.colcon_core.package_discovery:discover_packages(path) discover
[0.386s] Level 1:colcon.colcon_core.package_discovery:discover_packages(path) using defaults
[0.418s] INFO:colcon.colcon_core.package_selection:Skipping not selected package 'aqua_msgs' in 'src/aqua_msgs'
[0.418s] INFO:colcon.colcon_core.package_selection:Skipping not selected package 'mqtt_leak_bridge' in 'src/mqtt_leak_bridge'
[0.418s] INFO:colcon.colcon_core.package_selection:Skipping not selected package 'rl_controller' in 'src/rl_controller'
[0.418s] INFO:colcon.colcon_core.package_selection:Skipping not selected package 'sim_bridge' in 'src/sim_bridge'
[0.418s] Level 1:colcon.colcon_core.package_discovery:discover_packages(prefix_path) check parameters
[0.418s] Level 1:colcon.colcon_core.package_discovery:discover_packages(prefix_path) discover
[0.422s] DEBUG:colcon.colcon_installed_package_information.package_discovery:Found 3 installed packages in /home/arka/ros_ws/install
[0.424s] DEBUG:colcon.colcon_installed_package_information.package_discovery:Found 412 installed packages in /opt/ros/humble
[0.426s] Level 1:colcon.colcon_core.package_discovery:discover_packages(prefix_path) using defaults
[0.513s] Level 5:colcon.colcon_core.verb:set package 'pipe_sensor_bridge' build argument 'cmake_args' from command line to 'None'
[0.513s] Level 5:colcon.colcon_core.verb:set package 'pipe_sensor_bridge' build argument 'cmake_target' from command line to 'None'
[0.513s] Level 5:colcon.colcon_core.verb:set package 'pipe_sensor_bridge' build argument 'cmake_target_skip_unavailable' from command line to 'False'
[0.513s] Level 5:colcon.colcon_core.verb:set package 'pipe_sensor_bridge' build argument 'cmake_clean_cache' from command line to 'False'
[0.513s] Level 5:colcon.colcon_core.verb:set package 'pipe_sensor_bridge' build argument 'cmake_clean_first' from command line to 'False'
[0.513s] Level 5:colcon.colcon_core.verb:set package 'pipe_sensor_bridge' build argument 'cmake_force_configure' from command line to 'False'
[0.514s] Level 5:colcon.colcon_core.verb:set package 'pipe_sensor_bridge' build argument 'ament_cmake_args' from command line to 'None'
[0.514s] Level 5:colcon.colcon_core.verb:set package 'pipe_sensor_bridge' build argument 'catkin_cmake_args' from command line to 'None'
[0.514s] Level 5:colcon.colcon_core.verb:set package 'pipe_sensor_bridge' build argument 'catkin_skip_building_tests' from command line to 'False'
[0.514s] DEBUG:colcon.colcon_core.verb:Building package 'pipe_sensor_bridge' with the following arguments: {'ament_cmake_args': None, 'build_base': '/home/arka/aqua_sentinel/ros2_ws/build/pipe_sensor_bridge', 'catkin_cmake_args': None, 'catkin_skip_building_tests': False, 'cmake_args': None, 'cmake_clean_cache': False, 'cmake_clean_first': False, 'cmake_force_configure': False, 'cmake_target': None, 'cmake_target_skip_unavailable': False, 'install_base': '/home/arka/aqua_sentinel/ros2_ws/install/pipe_sensor_bridge', 'merge_install': False, 'path': '/home/arka/aqua_sentinel/ros2_ws/src/pipe_sensor_bridge', 'symlink_install': False, 'test_result_base': None}
[0.514s] INFO:colcon.colcon_core.executor:Executing jobs using 'parallel' executor
[0.515s] DEBUG:colcon.colcon_parallel_executor.executor.parallel:run_until_complete
[0.516s] INFO:colcon.colcon_ros.task.ament_cmake.build:Building ROS package in '/home/arka/aqua_sentinel/ros2_ws/src/pipe_sensor_bridge' with build type 'ament_cmake'
[0.516s] INFO:colcon.colcon_cmake.task.cmake.build:Building CMake package in '/home/arka/aqua_sentinel/ros2_ws/src/pipe_sensor_bridge'
[0.519s] INFO:colcon.colcon_core.plugin_system:Skipping extension 'colcon_core.shell.bat': Not used on non-Windows systems
[0.520s] INFO:colcon.colcon_core.shell:Skip shell extension 'powershell' for command environment: Not usable outside of PowerShell
[0.520s] DEBUG:colcon.colcon_core.shell:Skip shell extension 'dsv' for command environment
[0.531s] DEBUG:colcon.colcon_core.event_handler.log_command:Invoking command in '/home/arka/aqua_sentinel/ros2_ws/build/pipe_sensor_bridge': CMAKE_PREFIX_PATH=${CMAKE_PREFIX_PATH}:/opt/ros/humble /usr/bin/cmake --build /home/arka/aqua_sentinel/ros2_ws/build/pipe_sensor_bridge -- -j8 -l8
[9.328s] DEBUG:colcon.colcon_core.event_handler.log_command:Invoked command in '/home/arka/aqua_sentinel/ros2_ws/build/pipe_sensor_bridge' returned '0': CMAKE_PREFIX_PATH=${CMAKE_PREFIX_PATH}:/opt/ros/humble /usr/bin/cmake --build /home/arka/aqua_sentinel/ros2_ws/build/pipe_sensor_bridge -- -j8 -l8
[9.334s] DEBUG:colcon.colcon_core.event_handler.log_command:Invoking command in '/home/arka/aqua_sentinel/ros2_ws/build/pipe_sensor_bridge': CMAKE_PREFIX_PATH=${CMAKE_PREFIX_PATH}:/opt/ros/humble /usr/bin/cmake --install /home/arka/aqua_sentinel/ros2_ws/build/pipe_sensor_bridge
[9.389s] Level 1:colcon.colcon_core.environment:create_environment_scripts_only(pipe_sensor_bridge)
[9.390s] DEBUG:colcon.colcon_core.event_handler.log_command:Invoked command in '/home/arka/aqua_sentinel/ros2_ws/build/pipe_sensor_bridge' returned '0': CMAKE_PREFIX_PATH=${CMAKE_PREFIX_PATH}:/opt/ros/humble /usr/bin/cmake --install /home/arka/aqua_sentinel/ros2_ws/build/pipe_sensor_bridge
[9.394s] Level 1:colcon.colcon_core.environment:checking '/home/arka/aqua_sentinel/ros2_ws/install/pipe_sensor_bridge' for CMake module files
[9.394s] Level 1:colcon.colcon_core.environment:checking '/home/arka/aqua_sentinel/ros2_ws/install/pipe_sensor_bridge' for CMake config files
[9.394s] Level 1:colcon.colcon_core.shell:create_environment_hook('pipe_sensor_bridge', 'cmake_prefix_path')
[9.395s] INFO:colcon.colcon_core.shell:Creating environment hook '/home/arka/aqua_sentinel/ros2_ws/install/pipe_sensor_bridge/share/pipe_sensor_bridge/hook/cmake_prefix_path.ps1'
[9.396s] INFO:colcon.colcon_core.shell:Creating environment descriptor '/home/arka/aqua_sentinel/ros2_ws/install/pipe_sensor_bridge/share/pipe_sensor_bridge/hook/cmake_prefix_path.dsv'
[9.396s] INFO:colcon.colcon_core.shell:Creating environment hook '/home/arka/aqua_sentinel/ros2_ws/install/pipe_sensor_bridge/share/pipe_sensor_bridge/hook/cmake_prefix_path.sh'
[9.397s] Level 1:colcon.colcon_core.environment:checking '/home/arka/aqua_sentinel/ros2_ws/install/pipe_sensor_bridge/lib'
[9.397s] Level 1:colcon.colcon_core.environment:checking '/home/arka/aqua_sentinel/ros2_ws/install/pipe_sensor_bridge/bin'
[9.397s] Level 1:colcon.colcon_core.environment:checking '/home/arka/aqua_sentinel/ros2_ws/install/pipe_sensor_bridge/lib/pkgconfig/pipe_sensor_bridge.pc'
[9.397s] Level 1:colcon.colcon_core.environment:checking '/home/arka/aqua_sentinel/ros2_ws/install/pipe_sensor_bridge/lib/python3.10/site-packages'
[9.398s] Level 1:colcon.colcon_core.environment:checking '/home/arka/aqua_sentinel/ros2_ws/install/pipe_sensor_bridge/bin'
[9.398s] INFO:colcon.colcon_core.shell:Creating package script '/home/arka/aqua_sentinel/ros2_ws/install/pipe_sensor_bridge/share/pipe_sensor_bridge/package.ps1'
[9.399s] INFO:colcon.colcon_core.shell:Creating package descriptor '/home/arka/aqua_sentinel/ros2_ws/install/pipe_sensor_bridge/share/pipe_sensor_bridge/package.dsv'
[9.400s] INFO:colcon.colcon_core.shell:Creating package script '/home/arka/aqua_sentinel/ros2_ws/install/pipe_sensor_bridge/share/pipe_sensor_bridge/package.sh'
[9.400s] INFO:colcon.colcon_core.shell:Creating package script '/home/arka/aqua_sentinel/ros2_ws/install/pipe_sensor_bridge/share/pipe_sensor_bridge/package.bash'
[9.401s] INFO:colcon.colcon_core.shell:Creating package script '/home/arka/aqua_sentinel/ros2_ws/install/pipe_sensor_bridge/share/pipe_sensor_bridge/package.zsh'
[9.403s] Level 1:colcon.colcon_core.environment:create_file_with_runtime_dependencies(/home/arka/aqua_sentinel/ros2_ws/install/pipe_sensor_bridge/share/colcon-core/packages/pipe_sensor_bridge)
[9.404s] Level 1:colcon.colcon_core.environment:create_environment_scripts_only(pipe_sensor_bridge)
[9.404s] Level 1:colcon.colcon_core.environment:checking '/home/arka/aqua_sentinel/ros2_ws/install/pipe_sensor_bridge' for CMake module files
[9.405s] Level 1:colcon.colcon_core.environment:checking '/home/arka/aqua_sentinel/ros2_ws/install/pipe_sensor_bridge' for CMake config files
[9.405s] Level 1:colcon.colcon_core.shell:create_environment_hook('pipe_sensor_bridge', 'cmake_prefix_path')
[9.405s] INFO:colcon.colcon_core.shell:Creating environment hook '/home/arka/aqua_sentinel/ros2_ws/install/pipe_sensor_bridge/share/pipe_sensor_bridge/hook/cmake_prefix_path.ps1'
[9.406s] INFO:colcon.colcon_core.shell:Creating environment descriptor '/home/arka/aqua_sentinel/ros2_ws/install/pipe_sensor_bridge/share/pipe_sensor_bridge/hook/cmake_prefix_path.dsv'
[9.406s] INFO:colcon.colcon_core.shell:Creating environment hook '/home/arka/aqua_sentinel/ros2_ws/install/pipe_sensor_bridge/share/pipe_sensor_bridge/hook/cmake_prefix_path.sh'
[9.407s] Level 1:colcon.colcon_core.environment:checking '/home/arka/aqua_sentinel/ros2_ws/install/pipe_sensor_bridge/lib'
[9.407s] Level 1:colcon.colcon_core.environment:checking '/home/arka/aqua_sentinel/ros2_ws/install/pipe_sensor_bridge/bin'
[9.407s] Level 1:colcon.colcon_core.environment:checking '/home/arka/aqua_sentinel/ros2_ws/install/pipe_sensor_bridge/lib/pkgconfig/pipe_sensor_bridge.pc'
[9.408s] Level 1:colcon.colcon_core.environment:checking '/home/arka/aqua_sentinel/ros2_ws/install/pipe_sensor_bridge/lib/python3.10/site-packages'
[9.408s] Level 1:colcon.colcon_core.environment:checking '/home/arka/aqua_sentinel/ros2_ws/install/pipe_sensor_bridge/bin'
[9.408s] INFO:colcon.colcon_core.shell:Creating package script '/home/arka/aqua_sentinel/ros2_ws/install/pipe_sensor_bridge/share/pipe_sensor_bridge/package.ps1'
[9.409s] INFO:colcon.colcon_core.shell:Creating package descriptor '/home/arka/aqua_sentinel/ros2_ws/install/pipe_sensor_bridge/share/pipe_sensor_bridge/package.dsv'
[9.409s] INFO:colcon.colcon_core.shell:Creating package script '/home/arka/aqua_sentinel/ros2_ws/install/pipe_sensor_bridge/share/pipe_sensor_bridge/package.sh'
[9.409s] INFO:colcon.colcon_core.shell:Creating package script '/home/arka/aqua_sentinel/ros2_ws/install/pipe_sensor_bridge/share/pipe_sensor_bridge/package.bash'
[9.410s] INFO:colcon.colcon_core.shell:Creating package script '/home/arka/aqua_sentinel/ros2_ws/install/pipe_sensor_bridge/share/pipe_sensor_bridge/package.zsh'
[9.410s] Level 1:colcon.colcon_core.environment:create_file_with_runtime_dependencies(/home/arka/aqua_sentinel/ros2_ws/install/pipe_sensor_bridge/share/colcon-core/packages/pipe_sensor_bridge)
[9.410s] DEBUG:colcon.colcon_parallel_executor.executor.parallel:closing loop
[9.411s] DEBUG:colcon.colcon_parallel_executor.executor.parallel:loop closed
[9.411s] DEBUG:colcon.colcon_parallel_executor.executor.parallel:run_until_complete finished with '0'
[9.411s] DEBUG:colcon.colcon_core.event_reactor:joining thread
[9.422s] INFO:colcon.colcon_core.plugin_system:Skipping extension 'colcon_notification.desktop_notification.terminal_notifier': Not used on non-Darwin systems
[9.422s] INFO:colcon.colcon_core.plugin_system:Skipping extension 'colcon_notification.desktop_notification.win32': Not used on non-Windows systems
[9.422s] INFO:colcon.colcon_notification.desktop_notification:Sending desktop notification using 'notify2'
[9.430s] DEBUG:colcon.colcon_core.event_reactor:joined thread
[9.431s] INFO:colcon.colcon_core.shell:Creating prefix script '/home/arka/aqua_sentinel/ros2_ws/install/local_setup.ps1'
[9.432s] INFO:colcon.colcon_core.shell:Creating prefix util module '/home/arka/aqua_sentinel/ros2_ws/install/_local_setup_util_ps1.py'
[9.434s] INFO:colcon.colcon_core.shell:Creating prefix chain script '/home/arka/aqua_sentinel/ros2_ws/install/setup.ps1'
[9.435s] INFO:colcon.colcon_core.shell:Creating prefix script '/home/arka/aqua_sentinel/ros2_ws/install/local_setup.sh'
[9.436s] INFO:colcon.colcon_core.shell:Creating prefix util module '/home/arka/aqua_sentinel/ros2_ws/install/_local_setup_util_sh.py'
[9.437s] INFO:colcon.colcon_core.shell:Creating prefix chain script '/home/arka/aqua_sentinel/ros2_ws/install/setup.sh'
[9.437s] INFO:colcon.colcon_core.shell:Creating prefix script '/home/arka/aqua_sentinel/ros2_ws/install/local_setup.bash'
[9.438s] INFO:colcon.colcon_core.shell:Creating prefix chain script '/home/arka/aqua_sentinel/ros2_ws/install/setup.bash'
[9.439s] INFO:colcon.colcon_core.shell:Creating prefix script '/home/arka/aqua_sentinel/ros2_ws/install/local_setup.zsh'
[9.440s] INFO:colcon.colcon_core.shell:Creating prefix chain script '/home/arka/aqua_sentinel/ros2_ws/install/setup.zsh'
