[10.100s] Invoking command in '/home/arka/aqua_sentinel/ros2_ws/src/controller': PYTHONPATH=/home/arka/aqua_sentinel/ros2_ws/build/controller/prefix_override:/usr/lib/python3/dist-packages/colcon_core/task/python/colcon_distutils_commands:/home/arka/aqua_sentinel/ros2_ws/install/controller/lib/python3.10/site-packages:${PYTHONPATH} /usr/bin/python3 -W ignore:setup.py install is deprecated -W ignore:easy_install command is deprecated setup.py egg_info --egg-base ../../build/controller build --build-base /home/arka/aqua_sentinel/ros2_ws/build/controller/build install --record /home/arka/aqua_sentinel/ros2_ws/build/controller/install.log --single-version-externally-managed install_data
[10.292s] running egg_info
[10.292s] writing ../../build/controller/controller.egg-info/PKG-INFO
[10.292s] writing dependency_links to ../../build/controller/controller.egg-info/dependency_links.txt
[10.292s] writing entry points to ../../build/controller/controller.egg-info/entry_points.txt
[10.292s] writing requirements to ../../build/controller/controller.egg-info/requires.txt
[10.292s] writing top-level names to ../../build/controller/controller.egg-info/top_level.txt
[10.293s] reading manifest file '../../build/controller/controller.egg-info/SOURCES.txt'
[10.298s] writing manifest file '../../build/controller/controller.egg-info/SOURCES.txt'
[10.298s] running build
[10.298s] running build_py
[10.298s] copying controller/network_rl.py -> /home/arka/aqua_sentinel/ros2_ws/build/controller/build/lib/controller
[10.324s] running install
[10.324s] running install_lib
[10.324s] copying /home/arka/aqua_sentinel/ros2_ws/build/controller/build/lib/controller/network_rl.py -> /home/arka/aqua_sentinel/ros2_ws/install/controller/lib/python3.10/site-packages/controller
[10.376s] byte-compiling /home/arka/aqua_sentinel/ros2_ws/install/controller/lib/python3.10/site-packages/controller/network_rl.py to network_rl.cpython-310.pyc
[10.420s] running install_data
[10.420s] copying launch/rl_agent.launch.py -> /home/arka/aqua_sentinel/ros2_ws/install/controller/share/controller/launch
[10.446s] running install_egg_info
[10.450s] removing '/home/arka/aqua_sentinel/ros2_ws/install/controller/lib/python3.10/site-packages/controller-0.0.1-py3.10.egg-info' (and everything under it)
[10.450s] Copying ../../build/controller/controller.egg-info to /home/arka/aqua_sentinel/ros2_ws/install/controller/lib/python3.10/site-packages/controller-0.0.1-py3.10.egg-info
[10.460s] running install_scripts
[10.488s] Installing controller script to /home/arka/aqua_sentinel/ros2_ws/install/controller/lib/controller
[10.499s] writing list of installed files to '/home/arka/aqua_sentinel/ros2_ws/build/controller/install.log'
[10.515s] Invoked command in '/home/arka/aqua_sentinel/ros2_ws/src/controller' returned '0': PYTHONPATH=/home/arka/aqua_sentinel/ros2_ws/build/controller/prefix_override:/usr/lib/python3/dist-packages/colcon_core/task/python/colcon_distutils_commands:/home/arka/aqua_sentinel/ros2_ws/install/controller/lib/python3.10/site-packages:${PYTHONPATH} /usr/bin/python3 -W ignore:setup.py install is deprecated -W ignore:easy_install command is deprecated setup.py egg_info --egg-base ../../build/controller build --build-base /home/arka/aqua_sentinel/ros2_ws/build/controller/build install --record /home/arka/aqua_sentinel/ros2_ws/build/controller/install.log --single-version-externally-managed install_data
