[0.010s] Invoking command in '/home/arka/aqua_sentinel/ros2_ws/build/pipe_sensor_bridge': CMAKE_PREFIX_PATH=${CMAKE_PREFIX_PATH}:/home/arka/aqua_sentinel/ros2_ws/install/controller:/opt/ros/humble /usr/bin/cmake --build /home/arka/aqua_sentinel/ros2_ws/build/pipe_sensor_bridge -- -j8 -l8
[0.021s] -- Found ament_cmake: 1.3.12 (/opt/ros/humble/share/ament_cmake/cmake)
[0.086s] -- Found rclcpp: 16.0.17 (/opt/ros/humble/share/rclcpp/cmake)
[0.108s] -- Found rosidl_generator_c: 3.1.8 (/opt/ros/humble/share/rosidl_generator_c/cmake)
[0.110s] -- Found rosidl_adapter: 3.1.8 (/opt/ros/humble/share/rosidl_adapter/cmake)
[0.115s] -- Found rosidl_generator_cpp: 3.1.8 (/opt/ros/humble/share/rosidl_generator_cpp/cmake)
[0.122s] -- Using all available rosidl_typesupport_c: rosidl_typesupport_fastrtps_c;rosidl_typesupport_introspection_c
[0.131s] -- Using all available rosidl_typesupport_cpp: rosidl_typesupport_fastrtps_cpp;rosidl_typesupport_introspection_cpp
[0.161s] -- Found rmw_implementation_cmake: 6.1.2 (/opt/ros/humble/share/rmw_implementation_cmake/cmake)
[0.163s] -- Found rmw_fastrtps_cpp: 6.2.9 (/opt/ros/humble/share/rmw_fastrtps_cpp/cmake)
[0.238s] -- Using RMW implementation 'rmw_fastrtps_cpp' as default
[0.277s] -- Found ament_lint_auto: 0.12.14 (/opt/ros/humble/share/ament_lint_auto/cmake)
[0.330s] -- Added test 'copyright' to check source files copyright and LICENSE
[0.331s] -- Added test 'cppcheck' to perform static code analysis on C / C++ code
[0.331s] -- Configured cppcheck include dirs: 
[0.332s] -- Configured cppcheck exclude dirs and/or files: 
[0.332s] -- Added test 'cpplint' to check C / C++ code against the Google style
[0.332s] -- Configured cpplint exclude dirs and/or files: 
[0.332s] -- Added test 'flake8' to check Python code syntax and style conventions
[0.333s] -- Added test 'lint_cmake' to check CMake code style
[0.333s] -- Added test 'pep257' to check Python code against some of the docstring style conventions in PEP 257
[0.334s] -- Added test 'uncrustify' to check C / C++ code style
[0.334s] -- Configured uncrustify additional arguments: 
[0.334s] -- Added test 'xmllint' to check XML markup files
[0.335s] -- Configuring done
[0.345s] -- Generating done
[0.349s] -- Build files have been written to: /home/arka/aqua_sentinel/ros2_ws/build/pipe_sensor_bridge
[0.374s] [ 50%] [32mBuilding CXX object CMakeFiles/mqtt_subscriber_bridge.dir/src/mqtt_subscriber.cpp.o[0m
[0.374s] [ 50%] [32mBuilding CXX object CMakeFiles/init_config_publisher.dir/src/init_config_publisher.cpp.o[0m
[2.755s] [01m[K/home/arka/aqua_sentinel/ros2_ws/src/pipe_sensor_bridge/src/init_config_publisher.cpp:[m[K In member function ‘[01m[Kbool InitConfigPublisher::publishInitConfig()[m[K’:
[2.755s] [01m[K/home/arka/aqua_sentinel/ros2_ws/src/pipe_sensor_bridge/src/init_config_publisher.cpp:100:13:[m[K [01;35m[Kwarning: [m[Kunused variable ‘[01m[Kother_esp_count[m[K’ [[01;35m[K]8;;https://gcc.gnu.org/onlinedocs/gcc/Warning-Options.html#index-Wunused-variable-Wunused-variable]8;;[m[K]
[2.755s]   100 |         int [01;35m[Kother_esp_count[m[K = std::max(0, esp_count_ - 1);
[2.756s]       |             [01;35m[K^~~~~~~~~~~~~~~[m[K
[4.782s] [ 75%] [32m[1mLinking CXX executable init_config_publisher[0m
[4.991s] [ 75%] Built target init_config_publisher
[9.841s] [100%] [32m[1mLinking CXX executable mqtt_subscriber_bridge[0m
[10.252s] [100%] Built target mqtt_subscriber_bridge
[10.256s] Invoked command in '/home/arka/aqua_sentinel/ros2_ws/build/pipe_sensor_bridge' returned '0': CMAKE_PREFIX_PATH=${CMAKE_PREFIX_PATH}:/home/arka/aqua_sentinel/ros2_ws/install/controller:/opt/ros/humble /usr/bin/cmake --build /home/arka/aqua_sentinel/ros2_ws/build/pipe_sensor_bridge -- -j8 -l8
[10.261s] Invoking command in '/home/arka/aqua_sentinel/ros2_ws/build/pipe_sensor_bridge': CMAKE_PREFIX_PATH=${CMAKE_PREFIX_PATH}:/home/arka/aqua_sentinel/ros2_ws/install/controller:/opt/ros/humble /usr/bin/cmake --install /home/arka/aqua_sentinel/ros2_ws/build/pipe_sensor_bridge
[10.264s] -- Install configuration: ""
[10.264s] -- Installing: /home/arka/aqua_sentinel/ros2_ws/install/pipe_sensor_bridge/lib/pipe_sensor_bridge/init_config_publisher
[10.266s] -- Set runtime path of "/home/arka/aqua_sentinel/ros2_ws/install/pipe_sensor_bridge/lib/pipe_sensor_bridge/init_config_publisher" to ""
[10.266s] -- Installing: /home/arka/aqua_sentinel/ros2_ws/install/pipe_sensor_bridge/lib/pipe_sensor_bridge/mqtt_subscriber_bridge
[10.273s] -- Set runtime path of "/home/arka/aqua_sentinel/ros2_ws/install/pipe_sensor_bridge/lib/pipe_sensor_bridge/mqtt_subscriber_bridge" to ""
[10.273s] -- Up-to-date: /home/arka/aqua_sentinel/ros2_ws/install/pipe_sensor_bridge/share/pipe_sensor_bridge/launch
[10.273s] -- Up-to-date: /home/arka/aqua_sentinel/ros2_ws/install/pipe_sensor_bridge/share/pipe_sensor_bridge/launch/pipe_bridge.launch.py
[10.273s] -- Up-to-date: /home/arka/aqua_sentinel/ros2_ws/install/pipe_sensor_bridge/lib/pipe_sensor_bridge/test_valve_control.sh
[10.273s] -- Up-to-date: /home/arka/aqua_sentinel/ros2_ws/install/pipe_sensor_bridge/lib/pipe_sensor_bridge/monitor_sensors.sh
[10.273s] -- Up-to-date: /home/arka/aqua_sentinel/ros2_ws/install/pipe_sensor_bridge/lib/pipe_sensor_bridge/maintenance.sh
[10.274s] -- Up-to-date: /home/arka/aqua_sentinel/ros2_ws/install/pipe_sensor_bridge/share/pipe_sensor_bridge/scripts/test_valve_control.sh
[10.274s] -- Up-to-date: /home/arka/aqua_sentinel/ros2_ws/install/pipe_sensor_bridge/share/pipe_sensor_bridge/scripts/monitor_sensors.sh
[10.274s] -- Up-to-date: /home/arka/aqua_sentinel/ros2_ws/install/pipe_sensor_bridge/share/pipe_sensor_bridge/scripts/maintenance.sh
[10.274s] -- Up-to-date: /home/arka/aqua_sentinel/ros2_ws/install/pipe_sensor_bridge/share/ament_index/resource_index/package_run_dependencies/pipe_sensor_bridge
[10.274s] -- Installing: /home/arka/aqua_sentinel/ros2_ws/install/pipe_sensor_bridge/share/ament_index/resource_index/parent_prefix_path/pipe_sensor_bridge
[10.274s] -- Up-to-date: /home/arka/aqua_sentinel/ros2_ws/install/pipe_sensor_bridge/share/pipe_sensor_bridge/environment/ament_prefix_path.sh
[10.274s] -- Installing: /home/arka/aqua_sentinel/ros2_ws/install/pipe_sensor_bridge/share/pipe_sensor_bridge/environment/ament_prefix_path.dsv
[10.274s] -- Up-to-date: /home/arka/aqua_sentinel/ros2_ws/install/pipe_sensor_bridge/share/pipe_sensor_bridge/environment/path.sh
[10.274s] -- Installing: /home/arka/aqua_sentinel/ros2_ws/install/pipe_sensor_bridge/share/pipe_sensor_bridge/environment/path.dsv
[10.274s] -- Up-to-date: /home/arka/aqua_sentinel/ros2_ws/install/pipe_sensor_bridge/share/pipe_sensor_bridge/local_setup.bash
[10.274s] -- Up-to-date: /home/arka/aqua_sentinel/ros2_ws/install/pipe_sensor_bridge/share/pipe_sensor_bridge/local_setup.sh
[10.274s] -- Up-to-date: /home/arka/aqua_sentinel/ros2_ws/install/pipe_sensor_bridge/share/pipe_sensor_bridge/local_setup.zsh
[10.274s] -- Installing: /home/arka/aqua_sentinel/ros2_ws/install/pipe_sensor_bridge/share/pipe_sensor_bridge/local_setup.dsv
[10.274s] -- Installing: /home/arka/aqua_sentinel/ros2_ws/install/pipe_sensor_bridge/share/pipe_sensor_bridge/package.dsv
[10.274s] -- Up-to-date: /home/arka/aqua_sentinel/ros2_ws/install/pipe_sensor_bridge/share/ament_index/resource_index/packages/pipe_sensor_bridge
[10.274s] -- Up-to-date: /home/arka/aqua_sentinel/ros2_ws/install/pipe_sensor_bridge/share/pipe_sensor_bridge/cmake/pipe_sensor_bridgeConfig.cmake
[10.274s] -- Up-to-date: /home/arka/aqua_sentinel/ros2_ws/install/pipe_sensor_bridge/share/pipe_sensor_bridge/cmake/pipe_sensor_bridgeConfig-version.cmake
[10.275s] -- Up-to-date: /home/arka/aqua_sentinel/ros2_ws/install/pipe_sensor_bridge/share/pipe_sensor_bridge/package.xml
[10.276s] Invoked command in '/home/arka/aqua_sentinel/ros2_ws/build/pipe_sensor_bridge' returned '0': CMAKE_PREFIX_PATH=${CMAKE_PREFIX_PATH}:/home/arka/aqua_sentinel/ros2_ws/install/controller:/opt/ros/humble /usr/bin/cmake --install /home/arka/aqua_sentinel/ros2_ws/build/pipe_sensor_bridge
