[0.260s] DEBUG:colcon:Command line arguments: ['/usr/bin/colcon', 'build']
[0.260s] DEBUG:colcon:Parsed command line arguments: Namespace(log_base=None, log_level=None, verb_name='build', build_base='build', install_base='install', merge_install=False, symlink_install=False, test_result_base=None, continue_on_error=False, executor='parallel', parallel_workers=8, event_handlers=None, ignore_user_meta=False, metas=['./colcon.meta'], base_paths=['.'], packages_ignore=None, packages_ignore_regex=None, paths=None, packages_up_to=None, packages_up_to_regex=None, packages_above=None, packages_above_and_dependencies=None, packages_above_depth=None, packages_select_by_dep=None, packages_skip_by_dep=None, packages_skip_up_to=None, packages_select_build_failed=False, packages_skip_build_finished=False, packages_select_test_failures=False, packages_skip_test_passed=False, packages_select=None, packages_skip=None, packages_select_regex=None, packages_skip_regex=None, packages_start=None, packages_end=None, allow_overriding=[], cmake_args=None, cmake_target=None, cmake_target_skip_unavailable=False, cmake_clean_cache=False, cmake_clean_first=False, cmake_force_configure=False, ament_cmake_args=None, catkin_cmake_args=None, catkin_skip_building_tests=False, mixin_files=None, mixin=None, verb_parser=<colcon_mixin.mixin.mixin_argument.MixinArgumentDecorator object at 0x726c404300d0>, verb_extension=<colcon_core.verb.build.BuildVerb object at 0x726c40590fd0>, main=<bound method BuildVerb.main of <colcon_core.verb.build.BuildVerb object at 0x726c40590fd0>>, mixin_verb=('build',))
[0.530s] Level 1:colcon.colcon_core.package_discovery:discover_packages(colcon_meta) check parameters
[0.530s] Level 1:colcon.colcon_core.package_discovery:discover_packages(recursive) check parameters
[0.530s] Level 1:colcon.colcon_core.package_discovery:discover_packages(ignore) check parameters
[0.530s] Level 1:colcon.colcon_core.package_discovery:discover_packages(path) check parameters
[0.530s] Level 1:colcon.colcon_core.package_discovery:discover_packages(colcon_meta) discover
[0.530s] Level 1:colcon.colcon_core.package_discovery:discover_packages(recursive) discover
[0.530s] INFO:colcon.colcon_core.package_discovery:Crawling recursively for packages in '/home/arka/aqua_sentinel/ros2_ws'
[0.530s] Level 1:colcon.colcon_core.package_identification:_identify(.) by extensions ['ignore', 'ignore_ament_install']
[0.530s] Level 1:colcon.colcon_core.package_identification:_identify(.) by extension 'ignore'
[0.530s] Level 1:colcon.colcon_core.package_identification:_identify(.) by extension 'ignore_ament_install'
[0.530s] Level 1:colcon.colcon_core.package_identification:_identify(.) by extensions ['colcon_pkg']
[0.530s] Level 1:colcon.colcon_core.package_identification:_identify(.) by extension 'colcon_pkg'
[0.530s] Level 1:colcon.colcon_core.package_identification:_identify(.) by extensions ['colcon_meta']
[0.530s] Level 1:colcon.colcon_core.package_identification:_identify(.) by extension 'colcon_meta'
[0.530s] Level 1:colcon.colcon_core.package_identification:_identify(.) by extensions ['ros']
[0.530s] Level 1:colcon.colcon_core.package_identification:_identify(.) by extension 'ros'
[0.541s] Level 1:colcon.colcon_core.package_identification:_identify(.) by extensions ['cmake', 'python']
[0.541s] Level 1:colcon.colcon_core.package_identification:_identify(.) by extension 'cmake'
[0.541s] Level 1:colcon.colcon_core.package_identification:_identify(.) by extension 'python'
[0.541s] Level 1:colcon.colcon_core.package_identification:_identify(.) by extensions ['python_setup_py']
[0.541s] Level 1:colcon.colcon_core.package_identification:_identify(.) by extension 'python_setup_py'
[0.541s] Level 1:colcon.colcon_core.package_identification:_identify(build) by extensions ['ignore', 'ignore_ament_install']
[0.541s] Level 1:colcon.colcon_core.package_identification:_identify(build) by extension 'ignore'
[0.541s] Level 1:colcon.colcon_core.package_identification:_identify(build) ignored
[0.541s] Level 1:colcon.colcon_core.package_identification:_identify(install) by extensions ['ignore', 'ignore_ament_install']
[0.542s] Level 1:colcon.colcon_core.package_identification:_identify(install) by extension 'ignore'
[0.542s] Level 1:colcon.colcon_core.package_identification:_identify(install) ignored
[0.542s] Level 1:colcon.colcon_core.package_identification:_identify(log) by extensions ['ignore', 'ignore_ament_install']
[0.542s] Level 1:colcon.colcon_core.package_identification:_identify(log) by extension 'ignore'
[0.542s] Level 1:colcon.colcon_core.package_identification:_identify(log) ignored
[0.542s] Level 1:colcon.colcon_core.package_identification:_identify(src) by extensions ['ignore', 'ignore_ament_install']
[0.542s] Level 1:colcon.colcon_core.package_identification:_identify(src) by extension 'ignore'
[0.542s] Level 1:colcon.colcon_core.package_identification:_identify(src) by extension 'ignore_ament_install'
[0.542s] Level 1:colcon.colcon_core.package_identification:_identify(src) by extensions ['colcon_pkg']
[0.542s] Level 1:colcon.colcon_core.package_identification:_identify(src) by extension 'colcon_pkg'
[0.542s] Level 1:colcon.colcon_core.package_identification:_identify(src) by extensions ['colcon_meta']
[0.542s] Level 1:colcon.colcon_core.package_identification:_identify(src) by extension 'colcon_meta'
[0.542s] Level 1:colcon.colcon_core.package_identification:_identify(src) by extensions ['ros']
[0.542s] Level 1:colcon.colcon_core.package_identification:_identify(src) by extension 'ros'
[0.542s] Level 1:colcon.colcon_core.package_identification:_identify(src) by extensions ['cmake', 'python']
[0.543s] Level 1:colcon.colcon_core.package_identification:_identify(src) by extension 'cmake'
[0.543s] Level 1:colcon.colcon_core.package_identification:_identify(src) by extension 'python'
[0.543s] Level 1:colcon.colcon_core.package_identification:_identify(src) by extensions ['python_setup_py']
[0.543s] Level 1:colcon.colcon_core.package_identification:_identify(src) by extension 'python_setup_py'
[0.543s] Level 1:colcon.colcon_core.package_identification:_identify(src/controller) by extensions ['ignore', 'ignore_ament_install']
[0.543s] Level 1:colcon.colcon_core.package_identification:_identify(src/controller) by extension 'ignore'
[0.543s] Level 1:colcon.colcon_core.package_identification:_identify(src/controller) by extension 'ignore_ament_install'
[0.543s] Level 1:colcon.colcon_core.package_identification:_identify(src/controller) by extensions ['colcon_pkg']
[0.543s] Level 1:colcon.colcon_core.package_identification:_identify(src/controller) by extension 'colcon_pkg'
[0.543s] Level 1:colcon.colcon_core.package_identification:_identify(src/controller) by extensions ['colcon_meta']
[0.543s] Level 1:colcon.colcon_core.package_identification:_identify(src/controller) by extension 'colcon_meta'
[0.543s] Level 1:colcon.colcon_core.package_identification:_identify(src/controller) by extensions ['ros']
[0.543s] Level 1:colcon.colcon_core.package_identification:_identify(src/controller) by extension 'ros'
[0.547s] DEBUG:colcon.colcon_core.package_identification:Package 'src/controller' with type 'ros.ament_python' and name 'controller'
[0.548s] Level 1:colcon.colcon_core.package_identification:_identify(src/pipe_sensor_bridge) by extensions ['ignore', 'ignore_ament_install']
[0.548s] Level 1:colcon.colcon_core.package_identification:_identify(src/pipe_sensor_bridge) by extension 'ignore'
[0.548s] Level 1:colcon.colcon_core.package_identification:_identify(src/pipe_sensor_bridge) by extension 'ignore_ament_install'
[0.548s] Level 1:colcon.colcon_core.package_identification:_identify(src/pipe_sensor_bridge) by extensions ['colcon_pkg']
[0.548s] Level 1:colcon.colcon_core.package_identification:_identify(src/pipe_sensor_bridge) by extension 'colcon_pkg'
[0.548s] Level 1:colcon.colcon_core.package_identification:_identify(src/pipe_sensor_bridge) by extensions ['colcon_meta']
[0.548s] Level 1:colcon.colcon_core.package_identification:_identify(src/pipe_sensor_bridge) by extension 'colcon_meta'
[0.548s] Level 1:colcon.colcon_core.package_identification:_identify(src/pipe_sensor_bridge) by extensions ['ros']
[0.548s] Level 1:colcon.colcon_core.package_identification:_identify(src/pipe_sensor_bridge) by extension 'ros'
[0.549s] DEBUG:colcon.colcon_core.package_identification:Package 'src/pipe_sensor_bridge' with type 'ros.ament_cmake' and name 'pipe_sensor_bridge'
[0.549s] Level 1:colcon.colcon_core.package_discovery:discover_packages(recursive) using defaults
[0.549s] Level 1:colcon.colcon_core.package_discovery:discover_packages(ignore) discover
[0.549s] Level 1:colcon.colcon_core.package_discovery:discover_packages(ignore) using defaults
[0.549s] Level 1:colcon.colcon_core.package_discovery:discover_packages(path) discover
[0.549s] Level 1:colcon.colcon_core.package_discovery:discover_packages(path) using defaults
[0.587s] Level 1:colcon.colcon_core.package_discovery:discover_packages(prefix_path) check parameters
[0.587s] Level 1:colcon.colcon_core.package_discovery:discover_packages(prefix_path) discover
[0.592s] DEBUG:colcon.colcon_installed_package_information.package_discovery:Found 2 installed packages in /home/arka/aqua_sentinel/ros2_ws/install
[0.596s] DEBUG:colcon.colcon_installed_package_information.package_discovery:Found 3 installed packages in /home/arka/ros_ws/install
[0.599s] DEBUG:colcon.colcon_installed_package_information.package_discovery:Found 413 installed packages in /opt/ros/humble
[0.601s] Level 1:colcon.colcon_core.package_discovery:discover_packages(prefix_path) using defaults
[0.687s] Level 5:colcon.colcon_core.verb:set package 'controller' build argument 'cmake_args' from command line to 'None'
[0.687s] Level 5:colcon.colcon_core.verb:set package 'controller' build argument 'cmake_target' from command line to 'None'
[0.687s] Level 5:colcon.colcon_core.verb:set package 'controller' build argument 'cmake_target_skip_unavailable' from command line to 'False'
[0.687s] Level 5:colcon.colcon_core.verb:set package 'controller' build argument 'cmake_clean_cache' from command line to 'False'
[0.687s] Level 5:colcon.colcon_core.verb:set package 'controller' build argument 'cmake_clean_first' from command line to 'False'
[0.687s] Level 5:colcon.colcon_core.verb:set package 'controller' build argument 'cmake_force_configure' from command line to 'False'
[0.687s] Level 5:colcon.colcon_core.verb:set package 'controller' build argument 'ament_cmake_args' from command line to 'None'
[0.687s] Level 5:colcon.colcon_core.verb:set package 'controller' build argument 'catkin_cmake_args' from command line to 'None'
[0.687s] Level 5:colcon.colcon_core.verb:set package 'controller' build argument 'catkin_skip_building_tests' from command line to 'False'
[0.687s] DEBUG:colcon.colcon_core.verb:Building package 'controller' with the following arguments: {'ament_cmake_args': None, 'build_base': '/home/arka/aqua_sentinel/ros2_ws/build/controller', 'catkin_cmake_args': None, 'catkin_skip_building_tests': False, 'cmake_args': None, 'cmake_clean_cache': False, 'cmake_clean_first': False, 'cmake_force_configure': False, 'cmake_target': None, 'cmake_target_skip_unavailable': False, 'install_base': '/home/arka/aqua_sentinel/ros2_ws/install/controller', 'merge_install': False, 'path': '/home/arka/aqua_sentinel/ros2_ws/src/controller', 'symlink_install': False, 'test_result_base': None}
[0.688s] Level 5:colcon.colcon_core.verb:set package 'pipe_sensor_bridge' build argument 'cmake_args' from command line to 'None'
[0.688s] Level 5:colcon.colcon_core.verb:set package 'pipe_sensor_bridge' build argument 'cmake_target' from command line to 'None'
[0.688s] Level 5:colcon.colcon_core.verb:set package 'pipe_sensor_bridge' build argument 'cmake_target_skip_unavailable' from command line to 'False'
[0.688s] Level 5:colcon.colcon_core.verb:set package 'pipe_sensor_bridge' build argument 'cmake_clean_cache' from command line to 'False'
[0.688s] Level 5:colcon.colcon_core.verb:set package 'pipe_sensor_bridge' build argument 'cmake_clean_first' from command line to 'False'
[0.688s] Level 5:colcon.colcon_core.verb:set package 'pipe_sensor_bridge' build argument 'cmake_force_configure' from command line to 'False'
[0.688s] Level 5:colcon.colcon_core.verb:set package 'pipe_sensor_bridge' build argument 'ament_cmake_args' from command line to 'None'
[0.688s] Level 5:colcon.colcon_core.verb:set package 'pipe_sensor_bridge' build argument 'catkin_cmake_args' from command line to 'None'
[0.688s] Level 5:colcon.colcon_core.verb:set package 'pipe_sensor_bridge' build argument 'catkin_skip_building_tests' from command line to 'False'
[0.688s] DEBUG:colcon.colcon_core.verb:Building package 'pipe_sensor_bridge' with the following arguments: {'ament_cmake_args': None, 'build_base': '/home/arka/aqua_sentinel/ros2_ws/build/pipe_sensor_bridge', 'catkin_cmake_args': None, 'catkin_skip_building_tests': False, 'cmake_args': None, 'cmake_clean_cache': False, 'cmake_clean_first': False, 'cmake_force_configure': False, 'cmake_target': None, 'cmake_target_skip_unavailable': False, 'install_base': '/home/arka/aqua_sentinel/ros2_ws/install/pipe_sensor_bridge', 'merge_install': False, 'path': '/home/arka/aqua_sentinel/ros2_ws/src/pipe_sensor_bridge', 'symlink_install': False, 'test_result_base': None}
[0.688s] INFO:colcon.colcon_core.executor:Executing jobs using 'parallel' executor
[0.689s] DEBUG:colcon.colcon_parallel_executor.executor.parallel:run_until_complete
[0.689s] INFO:colcon.colcon_ros.task.ament_python.build:Building ROS package in '/home/arka/aqua_sentinel/ros2_ws/src/controller' with build type 'ament_python'
[0.690s] Level 1:colcon.colcon_core.shell:create_environment_hook('controller', 'ament_prefix_path')
[0.693s] INFO:colcon.colcon_core.plugin_system:Skipping extension 'colcon_core.shell.bat': Not used on non-Windows systems
[0.693s] INFO:colcon.colcon_core.shell:Creating environment hook '/home/arka/aqua_sentinel/ros2_ws/install/controller/share/controller/hook/ament_prefix_path.ps1'
[0.694s] INFO:colcon.colcon_core.shell:Creating environment descriptor '/home/arka/aqua_sentinel/ros2_ws/install/controller/share/controller/hook/ament_prefix_path.dsv'
[0.695s] INFO:colcon.colcon_core.shell:Creating environment hook '/home/arka/aqua_sentinel/ros2_ws/install/controller/share/controller/hook/ament_prefix_path.sh'
[0.696s] INFO:colcon.colcon_core.shell:Skip shell extension 'powershell' for command environment: Not usable outside of PowerShell
[0.696s] DEBUG:colcon.colcon_core.shell:Skip shell extension 'dsv' for command environment
[0.699s] INFO:colcon.colcon_ros.task.ament_cmake.build:Building ROS package in '/home/arka/aqua_sentinel/ros2_ws/src/pipe_sensor_bridge' with build type 'ament_cmake'
[0.699s] INFO:colcon.colcon_cmake.task.cmake.build:Building CMake package in '/home/arka/aqua_sentinel/ros2_ws/src/pipe_sensor_bridge'
[0.699s] INFO:colcon.colcon_core.shell:Skip shell extension 'powershell' for command environment: Not usable outside of PowerShell
[0.699s] DEBUG:colcon.colcon_core.shell:Skip shell extension 'dsv' for command environment
[0.945s] INFO:colcon.colcon_core.task.python.build:Building Python package in '/home/arka/aqua_sentinel/ros2_ws/src/controller'
[0.945s] INFO:colcon.colcon_core.shell:Skip shell extension 'powershell' for command environment: Not usable outside of PowerShell
[0.945s] DEBUG:colcon.colcon_core.shell:Skip shell extension 'dsv' for command environment
[0.954s] DEBUG:colcon.colcon_core.event_handler.log_command:Invoking command in '/home/arka/aqua_sentinel/ros2_ws/build/pipe_sensor_bridge': CMAKE_PREFIX_PATH=${CMAKE_PREFIX_PATH}:/home/arka/aqua_sentinel/ros2_ws/install/controller:/opt/ros/humble /usr/bin/cmake --build /home/arka/aqua_sentinel/ros2_ws/build/pipe_sensor_bridge -- -j8 -l8
[1.089s] DEBUG:colcon.colcon_core.event_handler.log_command:Invoked command in '/home/arka/aqua_sentinel/ros2_ws/build/pipe_sensor_bridge' returned '0': CMAKE_PREFIX_PATH=${CMAKE_PREFIX_PATH}:/home/arka/aqua_sentinel/ros2_ws/install/controller:/opt/ros/humble /usr/bin/cmake --build /home/arka/aqua_sentinel/ros2_ws/build/pipe_sensor_bridge -- -j8 -l8
[1.094s] DEBUG:colcon.colcon_core.event_handler.log_command:Invoking command in '/home/arka/aqua_sentinel/ros2_ws/build/pipe_sensor_bridge': CMAKE_PREFIX_PATH=${CMAKE_PREFIX_PATH}:/home/arka/aqua_sentinel/ros2_ws/install/controller:/opt/ros/humble /usr/bin/cmake --install /home/arka/aqua_sentinel/ros2_ws/build/pipe_sensor_bridge
[1.101s] Level 1:colcon.colcon_core.environment:create_environment_scripts_only(pipe_sensor_bridge)
[1.101s] DEBUG:colcon.colcon_core.event_handler.log_command:Invoked command in '/home/arka/aqua_sentinel/ros2_ws/build/pipe_sensor_bridge' returned '0': CMAKE_PREFIX_PATH=${CMAKE_PREFIX_PATH}:/home/arka/aqua_sentinel/ros2_ws/install/controller:/opt/ros/humble /usr/bin/cmake --install /home/arka/aqua_sentinel/ros2_ws/build/pipe_sensor_bridge
[1.107s] Level 1:colcon.colcon_core.environment:checking '/home/arka/aqua_sentinel/ros2_ws/install/pipe_sensor_bridge' for CMake module files
[1.107s] Level 1:colcon.colcon_core.environment:checking '/home/arka/aqua_sentinel/ros2_ws/install/pipe_sensor_bridge' for CMake config files
[1.108s] Level 1:colcon.colcon_core.shell:create_environment_hook('pipe_sensor_bridge', 'cmake_prefix_path')
[1.108s] INFO:colcon.colcon_core.shell:Creating environment hook '/home/arka/aqua_sentinel/ros2_ws/install/pipe_sensor_bridge/share/pipe_sensor_bridge/hook/cmake_prefix_path.ps1'
[1.109s] INFO:colcon.colcon_core.shell:Creating environment descriptor '/home/arka/aqua_sentinel/ros2_ws/install/pipe_sensor_bridge/share/pipe_sensor_bridge/hook/cmake_prefix_path.dsv'
[1.110s] INFO:colcon.colcon_core.shell:Creating environment hook '/home/arka/aqua_sentinel/ros2_ws/install/pipe_sensor_bridge/share/pipe_sensor_bridge/hook/cmake_prefix_path.sh'
[1.111s] Level 1:colcon.colcon_core.environment:checking '/home/arka/aqua_sentinel/ros2_ws/install/pipe_sensor_bridge/lib'
[1.111s] Level 1:colcon.colcon_core.environment:checking '/home/arka/aqua_sentinel/ros2_ws/install/pipe_sensor_bridge/bin'
[1.111s] Level 1:colcon.colcon_core.environment:checking '/home/arka/aqua_sentinel/ros2_ws/install/pipe_sensor_bridge/lib/pkgconfig/pipe_sensor_bridge.pc'
[1.111s] Level 1:colcon.colcon_core.environment:checking '/home/arka/aqua_sentinel/ros2_ws/install/pipe_sensor_bridge/lib/python3.10/site-packages'
[1.112s] Level 1:colcon.colcon_core.environment:checking '/home/arka/aqua_sentinel/ros2_ws/install/pipe_sensor_bridge/bin'
[1.112s] INFO:colcon.colcon_core.shell:Creating package script '/home/arka/aqua_sentinel/ros2_ws/install/pipe_sensor_bridge/share/pipe_sensor_bridge/package.ps1'
[1.113s] INFO:colcon.colcon_core.shell:Creating package descriptor '/home/arka/aqua_sentinel/ros2_ws/install/pipe_sensor_bridge/share/pipe_sensor_bridge/package.dsv'
[1.114s] INFO:colcon.colcon_core.shell:Creating package script '/home/arka/aqua_sentinel/ros2_ws/install/pipe_sensor_bridge/share/pipe_sensor_bridge/package.sh'
[1.115s] INFO:colcon.colcon_core.shell:Creating package script '/home/arka/aqua_sentinel/ros2_ws/install/pipe_sensor_bridge/share/pipe_sensor_bridge/package.bash'
[1.116s] INFO:colcon.colcon_core.shell:Creating package script '/home/arka/aqua_sentinel/ros2_ws/install/pipe_sensor_bridge/share/pipe_sensor_bridge/package.zsh'
[1.116s] Level 1:colcon.colcon_core.environment:create_file_with_runtime_dependencies(/home/arka/aqua_sentinel/ros2_ws/install/pipe_sensor_bridge/share/colcon-core/packages/pipe_sensor_bridge)
[1.117s] Level 1:colcon.colcon_core.environment:create_environment_scripts_only(pipe_sensor_bridge)
[1.117s] Level 1:colcon.colcon_core.environment:checking '/home/arka/aqua_sentinel/ros2_ws/install/pipe_sensor_bridge' for CMake module files
[1.118s] Level 1:colcon.colcon_core.environment:checking '/home/arka/aqua_sentinel/ros2_ws/install/pipe_sensor_bridge' for CMake config files
[1.118s] Level 1:colcon.colcon_core.shell:create_environment_hook('pipe_sensor_bridge', 'cmake_prefix_path')
[1.118s] INFO:colcon.colcon_core.shell:Creating environment hook '/home/arka/aqua_sentinel/ros2_ws/install/pipe_sensor_bridge/share/pipe_sensor_bridge/hook/cmake_prefix_path.ps1'
[1.118s] INFO:colcon.colcon_core.shell:Creating environment descriptor '/home/arka/aqua_sentinel/ros2_ws/install/pipe_sensor_bridge/share/pipe_sensor_bridge/hook/cmake_prefix_path.dsv'
[1.119s] INFO:colcon.colcon_core.shell:Creating environment hook '/home/arka/aqua_sentinel/ros2_ws/install/pipe_sensor_bridge/share/pipe_sensor_bridge/hook/cmake_prefix_path.sh'
[1.119s] Level 1:colcon.colcon_core.environment:checking '/home/arka/aqua_sentinel/ros2_ws/install/pipe_sensor_bridge/lib'
[1.120s] Level 1:colcon.colcon_core.environment:checking '/home/arka/aqua_sentinel/ros2_ws/install/pipe_sensor_bridge/bin'
[1.120s] Level 1:colcon.colcon_core.environment:checking '/home/arka/aqua_sentinel/ros2_ws/install/pipe_sensor_bridge/lib/pkgconfig/pipe_sensor_bridge.pc'
[1.120s] Level 1:colcon.colcon_core.environment:checking '/home/arka/aqua_sentinel/ros2_ws/install/pipe_sensor_bridge/lib/python3.10/site-packages'
[1.120s] Level 1:colcon.colcon_core.environment:checking '/home/arka/aqua_sentinel/ros2_ws/install/pipe_sensor_bridge/bin'
[1.120s] INFO:colcon.colcon_core.shell:Creating package script '/home/arka/aqua_sentinel/ros2_ws/install/pipe_sensor_bridge/share/pipe_sensor_bridge/package.ps1'
[1.121s] INFO:colcon.colcon_core.shell:Creating package descriptor '/home/arka/aqua_sentinel/ros2_ws/install/pipe_sensor_bridge/share/pipe_sensor_bridge/package.dsv'
[1.121s] INFO:colcon.colcon_core.shell:Creating package script '/home/arka/aqua_sentinel/ros2_ws/install/pipe_sensor_bridge/share/pipe_sensor_bridge/package.sh'
[1.122s] INFO:colcon.colcon_core.shell:Creating package script '/home/arka/aqua_sentinel/ros2_ws/install/pipe_sensor_bridge/share/pipe_sensor_bridge/package.bash'
[1.122s] INFO:colcon.colcon_core.shell:Creating package script '/home/arka/aqua_sentinel/ros2_ws/install/pipe_sensor_bridge/share/pipe_sensor_bridge/package.zsh'
[1.123s] Level 1:colcon.colcon_core.environment:create_file_with_runtime_dependencies(/home/arka/aqua_sentinel/ros2_ws/install/pipe_sensor_bridge/share/colcon-core/packages/pipe_sensor_bridge)
[1.378s] DEBUG:colcon.colcon_core.event_handler.log_command:Invoking command in '/home/arka/aqua_sentinel/ros2_ws/src/controller': PYTHONPATH=/home/arka/aqua_sentinel/ros2_ws/build/controller/prefix_override:/usr/lib/python3/dist-packages/colcon_core/task/python/colcon_distutils_commands:/home/arka/aqua_sentinel/ros2_ws/install/controller/lib/python3.10/site-packages:${PYTHONPATH} /usr/bin/python3 -W ignore:setup.py install is deprecated -W ignore:easy_install command is deprecated setup.py egg_info --egg-base ../../build/controller build --build-base /home/arka/aqua_sentinel/ros2_ws/build/controller/build install --record /home/arka/aqua_sentinel/ros2_ws/build/controller/install.log --single-version-externally-managed install_data
[1.631s] Level 1:colcon.colcon_core.environment:checking '/home/arka/aqua_sentinel/ros2_ws/install/controller' for CMake module files
[1.632s] DEBUG:colcon.colcon_core.event_handler.log_command:Invoked command in '/home/arka/aqua_sentinel/ros2_ws/src/controller' returned '0': PYTHONPATH=/home/arka/aqua_sentinel/ros2_ws/build/controller/prefix_override:/usr/lib/python3/dist-packages/colcon_core/task/python/colcon_distutils_commands:/home/arka/aqua_sentinel/ros2_ws/install/controller/lib/python3.10/site-packages:${PYTHONPATH} /usr/bin/python3 -W ignore:setup.py install is deprecated -W ignore:easy_install command is deprecated setup.py egg_info --egg-base ../../build/controller build --build-base /home/arka/aqua_sentinel/ros2_ws/build/controller/build install --record /home/arka/aqua_sentinel/ros2_ws/build/controller/install.log --single-version-externally-managed install_data
[1.632s] Level 1:colcon.colcon_core.environment:checking '/home/arka/aqua_sentinel/ros2_ws/install/controller' for CMake config files
[1.632s] Level 1:colcon.colcon_core.environment:checking '/home/arka/aqua_sentinel/ros2_ws/install/controller/lib'
[1.633s] Level 1:colcon.colcon_core.environment:checking '/home/arka/aqua_sentinel/ros2_ws/install/controller/bin'
[1.633s] Level 1:colcon.colcon_core.environment:checking '/home/arka/aqua_sentinel/ros2_ws/install/controller/lib/pkgconfig/controller.pc'
[1.633s] Level 1:colcon.colcon_core.environment:checking '/home/arka/aqua_sentinel/ros2_ws/install/controller/lib/python3.10/site-packages'
[1.633s] Level 1:colcon.colcon_core.shell:create_environment_hook('controller', 'pythonpath')
[1.633s] INFO:colcon.colcon_core.shell:Creating environment hook '/home/arka/aqua_sentinel/ros2_ws/install/controller/share/controller/hook/pythonpath.ps1'
[1.634s] INFO:colcon.colcon_core.shell:Creating environment descriptor '/home/arka/aqua_sentinel/ros2_ws/install/controller/share/controller/hook/pythonpath.dsv'
[1.635s] INFO:colcon.colcon_core.shell:Creating environment hook '/home/arka/aqua_sentinel/ros2_ws/install/controller/share/controller/hook/pythonpath.sh'
[1.635s] Level 1:colcon.colcon_core.environment:checking '/home/arka/aqua_sentinel/ros2_ws/install/controller/bin'
[1.635s] Level 1:colcon.colcon_core.environment:create_environment_scripts_only(controller)
[1.636s] INFO:colcon.colcon_core.shell:Creating package script '/home/arka/aqua_sentinel/ros2_ws/install/controller/share/controller/package.ps1'
[1.636s] INFO:colcon.colcon_core.shell:Creating package descriptor '/home/arka/aqua_sentinel/ros2_ws/install/controller/share/controller/package.dsv'
[1.636s] INFO:colcon.colcon_core.shell:Creating package script '/home/arka/aqua_sentinel/ros2_ws/install/controller/share/controller/package.sh'
[1.637s] INFO:colcon.colcon_core.shell:Creating package script '/home/arka/aqua_sentinel/ros2_ws/install/controller/share/controller/package.bash'
[1.637s] INFO:colcon.colcon_core.shell:Creating package script '/home/arka/aqua_sentinel/ros2_ws/install/controller/share/controller/package.zsh'
[1.638s] Level 1:colcon.colcon_core.environment:create_file_with_runtime_dependencies(/home/arka/aqua_sentinel/ros2_ws/install/controller/share/colcon-core/packages/controller)
[1.638s] DEBUG:colcon.colcon_parallel_executor.executor.parallel:closing loop
[1.639s] DEBUG:colcon.colcon_parallel_executor.executor.parallel:loop closed
[1.639s] DEBUG:colcon.colcon_parallel_executor.executor.parallel:run_until_complete finished with '0'
[1.639s] DEBUG:colcon.colcon_core.event_reactor:joining thread
[1.648s] INFO:colcon.colcon_core.plugin_system:Skipping extension 'colcon_notification.desktop_notification.terminal_notifier': Not used on non-Darwin systems
[1.648s] INFO:colcon.colcon_core.plugin_system:Skipping extension 'colcon_notification.desktop_notification.win32': Not used on non-Windows systems
[1.648s] INFO:colcon.colcon_notification.desktop_notification:Sending desktop notification using 'notify2'
[1.669s] DEBUG:colcon.colcon_core.event_reactor:joined thread
[1.670s] INFO:colcon.colcon_core.shell:Creating prefix script '/home/arka/aqua_sentinel/ros2_ws/install/local_setup.ps1'
[1.672s] INFO:colcon.colcon_core.shell:Creating prefix util module '/home/arka/aqua_sentinel/ros2_ws/install/_local_setup_util_ps1.py'
[1.676s] INFO:colcon.colcon_core.shell:Creating prefix chain script '/home/arka/aqua_sentinel/ros2_ws/install/setup.ps1'
[1.679s] INFO:colcon.colcon_core.shell:Creating prefix script '/home/arka/aqua_sentinel/ros2_ws/install/local_setup.sh'
[1.681s] INFO:colcon.colcon_core.shell:Creating prefix util module '/home/arka/aqua_sentinel/ros2_ws/install/_local_setup_util_sh.py'
[1.682s] INFO:colcon.colcon_core.shell:Creating prefix chain script '/home/arka/aqua_sentinel/ros2_ws/install/setup.sh'
[1.684s] INFO:colcon.colcon_core.shell:Creating prefix script '/home/arka/aqua_sentinel/ros2_ws/install/local_setup.bash'
[1.684s] INFO:colcon.colcon_core.shell:Creating prefix chain script '/home/arka/aqua_sentinel/ros2_ws/install/setup.bash'
[1.686s] INFO:colcon.colcon_core.shell:Creating prefix script '/home/arka/aqua_sentinel/ros2_ws/install/local_setup.zsh'
[1.686s] INFO:colcon.colcon_core.shell:Creating prefix chain script '/home/arka/aqua_sentinel/ros2_ws/install/setup.zsh'
